#
# There is insufficient memory for the Java Runtime Environment to continue.
# Native memory allocation (malloc) failed to allocate 631824 bytes for Chunk::new
# Possible reasons:
#   The system is out of physical RAM or swap space
#   The process is running with CompressedOops enabled, and the Java Heap may be blocking the growth of the native heap
# Possible solutions:
#   Reduce memory load on the system
#   Increase physical memory or swap space
#   Check if swap backing store is full
#   Decrease Java heap size (-Xmx/-Xms)
#   Decrease number of Java threads
#   Decrease Java thread stack sizes (-Xss)
#   Set larger code cache with -XX:ReservedCodeCacheSize=
#   JVM is running with Zero Based Compressed Oops mode in which the Java heap is
#     placed in the first 32GB address space. The Java Heap base address is the
#     maximum limit for the native heap growth. Please use -XX:HeapBaseMinAddress
#     to set the Java Heap base and to place the Java Heap above 32GB virtual address.
# This output file may be truncated or incomplete.
#
#  Out of Memory Error (allocation.cpp:389), pid=138676, tid=0x000000000001f7c8
#
# JRE version: Java(TM) SE Runtime Environment (8.0_391) (build 1.8.0_391-b13)
# Java VM: Java HotSpot(TM) 64-Bit Server VM (25.391-b13 mixed mode windows-amd64 compressed oops)
# Failed to write core dump. Minidumps are not enabled by default on client versions of Windows
#

---------------  T H R E A D  ---------------

Current thread (0x000002d97c315000):  JavaThread "C2 CompilerThread1" daemon [_thread_in_native, id=128968, stack(0x000000e16a300000,0x000000e16a400000)]

Stack: [0x000000e16a300000,0x000000e16a400000]
Native frames: (J=compiled Java code, j=interpreted, Vv=VM code, C=native code)
V  [jvm.dll+0x353049]
V  [jvm.dll+0x290062]
V  [jvm.dll+0x290c2d]
V  [jvm.dll+0x285265]
V  [jvm.dll+0xdb9bc]
V  [jvm.dll+0xdc1cc]
V  [jvm.dll+0x4ea594]
V  [jvm.dll+0x4e9517]
V  [jvm.dll+0x469751]
V  [jvm.dll+0x468d39]
V  [jvm.dll+0x452a6b]
V  [jvm.dll+0xb0766]
V  [jvm.dll+0xaee3f]
V  [jvm.dll+0x251612]
V  [jvm.dll+0x2accfc]
C  [ucrtbase.dll+0x21bb2]
C  [KERNEL32.DLL+0x17344]
C  [ntdll.dll+0x526b1]


Current CompileTask:
C2:  10777 5729   !   4       lombok.core.AST::buildWithField0 (121 bytes)


---------------  P R O C E S S  ---------------

Java Threads: ( => current thread )
  0x000002d97c333800 JavaThread "Service Thread" daemon [_thread_blocked, id=140912, stack(0x000000e16a600000,0x000000e16a700000)]
  0x000002d97c31b000 JavaThread "C1 CompilerThread3" daemon [_thread_blocked, id=142068, stack(0x000000e16a500000,0x000000e16a600000)]
  0x000002d97c319000 JavaThread "C2 CompilerThread2" daemon [_thread_in_native, id=77484, stack(0x000000e16a400000,0x000000e16a500000)]
=>0x000002d97c315000 JavaThread "C2 CompilerThread1" daemon [_thread_in_native, id=128968, stack(0x000000e16a300000,0x000000e16a400000)]
  0x000002d97c30f800 JavaThread "C2 CompilerThread0" daemon [_thread_in_native, id=132900, stack(0x000000e16a200000,0x000000e16a300000)]
  0x000002d97c30e800 JavaThread "Monitor Ctrl-Break" daemon [_thread_in_native, id=140056, stack(0x000000e16a100000,0x000000e16a200000)]
  0x000002d979eeb000 JavaThread "Attach Listener" daemon [_thread_blocked, id=141584, stack(0x000000e16a000000,0x000000e16a100000)]
  0x000002d97c2f3000 JavaThread "Signal Dispatcher" daemon [_thread_blocked, id=134400, stack(0x000000e169f00000,0x000000e16a000000)]
  0x000002d979eb8800 JavaThread "Finalizer" daemon [_thread_blocked, id=111308, stack(0x000000e169e00000,0x000000e169f00000)]
  0x000002d979eb1800 JavaThread "Reference Handler" daemon [_thread_blocked, id=90268, stack(0x000000e169d00000,0x000000e169e00000)]
  0x000002d96724f000 JavaThread "main" [_thread_in_Java, id=129612, stack(0x000000e169100000,0x000000e169200000)]

Other Threads:
  0x000002d979e82000 VMThread [stack: 0x000000e169c00000,0x000000e169d00000] [id=130204]
  0x000002d97c41f800 WatcherThread [stack: 0x000000e16a700000,0x000000e16a800000] [id=77880]

VM state:not at safepoint (normal execution)

VM Mutex/Monitor currently owned by a thread: None

heap address: 0x00000006c9400000, size: 3948 MB, Compressed Oops mode: Zero based, Oop shift amount: 3
Narrow klass base: 0x0000000000000000, Narrow klass shift: 3
Compressed class space size: 1073741824 Address: 0x00000007c0000000

Heap:
 PSYoungGen      total 222208K, used 166037K [0x000000076dc00000, 0x000000077f400000, 0x00000007c0000000)
  eden space 206848K, 72% used [0x000000076dc00000,0x0000000776f26428,0x000000077a600000)
  from space 15360K, 99% used [0x000000077e500000,0x000000077f3ff128,0x000000077f400000)
  to   space 24576K, 0% used [0x000000077c400000,0x000000077c400000,0x000000077dc00000)
 ParOldGen       total 112128K, used 36435K [0x00000006c9400000, 0x00000006d0180000, 0x000000076dc00000)
  object space 112128K, 32% used [0x00000006c9400000,0x00000006cb794ff0,0x00000006d0180000)
 Metaspace       used 25753K, capacity 26436K, committed 26624K, reserved 1073152K
  class space    used 2868K, capacity 3051K, committed 3072K, reserved 1048576K

Card table byte_map: [0x000002d977f10000,0x000002d9786d0000] byte_map_base: 0x000002d9748c6000

Marking Bits: (ParMarkBitMap*) 0x00007ff8c6db6040
 Begin Bits: [0x000002d900000000, 0x000002d903db0000)
 End Bits:   [0x000002d903db0000, 0x000002d907b60000)

Polling page: 0x000002d967350000

CodeCache: size=245760Kb used=20369Kb max_used=20369Kb free=225390Kb
 bounds [0x000002d968b50000, 0x000002d969f50000, 0x000002d977b50000]
 total_blobs=5629 nmethods=5202 adapters=340
 compilation: enabled

Compilation events (10 events):
Event: 10.680 Thread 0x000002d97c31b000 5840       2       lombok.javac.handlers.HandleFieldDefaults::visitType (402 bytes)
Event: 10.682 Thread 0x000002d97c31b000 nmethod 5840 0x000002d969f44bd0 code [0x000002d969f44ee0, 0x000002d969f45e80]
Event: 10.682 Thread 0x000002d97c31b000 5841       2       lombok.javac.JavacASTAdapter::visitType (1 bytes)
Event: 10.682 Thread 0x000002d97c31b000 nmethod 5841 0x000002d969f46ed0 code [0x000002d969f47020, 0x000002d969f47178]
Event: 10.686 Thread 0x000002d97c31b000 5843       2       lombok.javac.JavacASTAdapter::visitAnnotationOnField (1 bytes)
Event: 10.686 Thread 0x000002d97c31b000 nmethod 5843 0x000002d969f47210 code [0x000002d969f47360, 0x000002d969f474b8]
Event: 10.687 Thread 0x000002d97c31b000 5844       2       lombok.javac.JavacAST::getAbsoluteFileLocation (35 bytes)
Event: 10.688 Thread 0x000002d97c31b000 nmethod 5844 0x000002d969f47550 code [0x000002d969f476c0, 0x000002d969f47950]
Event: 10.688 Thread 0x000002d97c31b000 5845   !   2       lombok.javac.JavacAST::getResourcesForTryNode (62 bytes)
Event: 10.688 Thread 0x000002d97c31b000 nmethod 5845 0x000002d969f47ad0 code [0x000002d969f47c60, 0x000002d969f47f80]

GC Heap History (10 events):
Event: 5.471 GC heap before
{Heap before GC invocations=5 (full 0):
 PSYoungGen      total 74240K, used 74232K [0x000000076dc00000, 0x0000000772e80000, 0x00000007c0000000)
  eden space 64000K, 100% used [0x000000076dc00000,0x0000000771a80000,0x0000000771a80000)
  from space 10240K, 99% used [0x0000000772480000,0x0000000772e7e030,0x0000000772e80000)
  to   space 10240K, 0% used [0x0000000771a80000,0x0000000771a80000,0x0000000772480000)
 ParOldGen       total 169472K, used 6899K [0x00000006c9400000, 0x00000006d3980000, 0x000000076dc00000)
  object space 169472K, 4% used [0x00000006c9400000,0x00000006c9abcf18,0x00000006d3980000)
 Metaspace       used 18312K, capacity 18794K, committed 19200K, reserved 1067008K
  class space    used 2074K, capacity 2188K, committed 2304K, reserved 1048576K
Event: 5.484 GC heap after
Heap after GC invocations=5 (full 0):
 PSYoungGen      total 74240K, used 10216K [0x000000076dc00000, 0x0000000777500000, 0x00000007c0000000)
  eden space 64000K, 0% used [0x000000076dc00000,0x000000076dc00000,0x0000000771a80000)
  from space 10240K, 99% used [0x0000000771a80000,0x000000077247a040,0x0000000772480000)
  to   space 14336K, 0% used [0x0000000776700000,0x0000000776700000,0x0000000777500000)
 ParOldGen       total 169472K, used 8635K [0x00000006c9400000, 0x00000006d3980000, 0x000000076dc00000)
  object space 169472K, 5% used [0x00000006c9400000,0x00000006c9c6ee48,0x00000006d3980000)
 Metaspace       used 18312K, capacity 18794K, committed 19200K, reserved 1067008K
  class space    used 2074K, capacity 2188K, committed 2304K, reserved 1048576K
}
Event: 6.214 GC heap before
{Heap before GC invocations=6 (full 0):
 PSYoungGen      total 74240K, used 74216K [0x000000076dc00000, 0x0000000777500000, 0x00000007c0000000)
  eden space 64000K, 100% used [0x000000076dc00000,0x0000000771a80000,0x0000000771a80000)
  from space 10240K, 99% used [0x0000000771a80000,0x000000077247a040,0x0000000772480000)
  to   space 14336K, 0% used [0x0000000776700000,0x0000000776700000,0x0000000777500000)
 ParOldGen       total 169472K, used 8635K [0x00000006c9400000, 0x00000006d3980000, 0x000000076dc00000)
  object space 169472K, 5% used [0x00000006c9400000,0x00000006c9c6ee48,0x00000006d3980000)
 Metaspace       used 18791K, capacity 19286K, committed 19456K, reserved 1067008K
  class space    used 2111K, capacity 2228K, committed 2304K, reserved 1048576K
Event: 6.220 GC heap after
Heap after GC invocations=6 (full 0):
 PSYoungGen      total 142336K, used 12363K [0x000000076dc00000, 0x0000000777500000, 0x00000007c0000000)
  eden space 128000K, 0% used [0x000000076dc00000,0x000000076dc00000,0x0000000775900000)
  from space 14336K, 86% used [0x0000000776700000,0x0000000777312f70,0x0000000777500000)
  to   space 14336K, 0% used [0x0000000775900000,0x0000000775900000,0x0000000776700000)
 ParOldGen       total 169472K, used 8658K [0x00000006c9400000, 0x00000006d3980000, 0x000000076dc00000)
  object space 169472K, 5% used [0x00000006c9400000,0x00000006c9c74aa8,0x00000006d3980000)
 Metaspace       used 18791K, capacity 19286K, committed 19456K, reserved 1067008K
  class space    used 2111K, capacity 2228K, committed 2304K, reserved 1048576K
}
Event: 6.609 GC heap before
{Heap before GC invocations=7 (full 0):
 PSYoungGen      total 142336K, used 22728K [0x000000076dc00000, 0x0000000777500000, 0x00000007c0000000)
  eden space 128000K, 8% used [0x000000076dc00000,0x000000076e61f1c8,0x0000000775900000)
  from space 14336K, 86% used [0x0000000776700000,0x0000000777312f70,0x0000000777500000)
  to   space 14336K, 0% used [0x0000000775900000,0x0000000775900000,0x0000000776700000)
 ParOldGen       total 169472K, used 8658K [0x00000006c9400000, 0x00000006d3980000, 0x000000076dc00000)
  object space 169472K, 5% used [0x00000006c9400000,0x00000006c9c74aa8,0x00000006d3980000)
 Metaspace       used 20561K, capacity 21102K, committed 21248K, reserved 1069056K
  class space    used 2355K, capacity 2492K, committed 2560K, reserved 1048576K
Event: 6.616 GC heap after
Heap after GC invocations=7 (full 0):
 PSYoungGen      total 142336K, used 6156K [0x000000076dc00000, 0x000000077f400000, 0x00000007c0000000)
  eden space 128000K, 0% used [0x000000076dc00000,0x000000076dc00000,0x0000000775900000)
  from space 14336K, 42% used [0x0000000775900000,0x0000000775f03230,0x0000000776700000)
  to   space 15360K, 0% used [0x000000077e500000,0x000000077e500000,0x000000077f400000)
 ParOldGen       total 169472K, used 15223K [0x00000006c9400000, 0x00000006d3980000, 0x000000076dc00000)
  object space 169472K, 8% used [0x00000006c9400000,0x00000006ca2ddc00,0x00000006d3980000)
 Metaspace       used 20561K, capacity 21102K, committed 21248K, reserved 1069056K
  class space    used 2355K, capacity 2492K, committed 2560K, reserved 1048576K
}
Event: 6.616 GC heap before
{Heap before GC invocations=8 (full 1):
 PSYoungGen      total 142336K, used 6156K [0x000000076dc00000, 0x000000077f400000, 0x00000007c0000000)
  eden space 128000K, 0% used [0x000000076dc00000,0x000000076dc00000,0x0000000775900000)
  from space 14336K, 42% used [0x0000000775900000,0x0000000775f03230,0x0000000776700000)
  to   space 15360K, 0% used [0x000000077e500000,0x000000077e500000,0x000000077f400000)
 ParOldGen       total 169472K, used 15223K [0x00000006c9400000, 0x00000006d3980000, 0x000000076dc00000)
  object space 169472K, 8% used [0x00000006c9400000,0x00000006ca2ddc00,0x00000006d3980000)
 Metaspace       used 20561K, capacity 21102K, committed 21248K, reserved 1069056K
  class space    used 2355K, capacity 2492K, committed 2560K, reserved 1048576K
Event: 6.664 GC heap after
Heap after GC invocations=8 (full 1):
 PSYoungGen      total 142336K, used 0K [0x000000076dc00000, 0x000000077f400000, 0x00000007c0000000)
  eden space 128000K, 0% used [0x000000076dc00000,0x000000076dc00000,0x0000000775900000)
  from space 14336K, 0% used [0x0000000775900000,0x0000000775900000,0x0000000776700000)
  to   space 15360K, 0% used [0x000000077e500000,0x000000077e500000,0x000000077f400000)
 ParOldGen       total 112128K, used 18025K [0x00000006c9400000, 0x00000006d0180000, 0x000000076dc00000)
  object space 112128K, 16% used [0x00000006c9400000,0x00000006ca59a648,0x00000006d0180000)
 Metaspace       used 20561K, capacity 21102K, committed 21248K, reserved 1069056K
  class space    used 2355K, capacity 2492K, committed 2560K, reserved 1048576K
}
Event: 8.907 GC heap before
{Heap before GC invocations=9 (full 1):
 PSYoungGen      total 142336K, used 128000K [0x000000076dc00000, 0x000000077f400000, 0x00000007c0000000)
  eden space 128000K, 100% used [0x000000076dc00000,0x0000000775900000,0x0000000775900000)
  from space 14336K, 0% used [0x0000000775900000,0x0000000775900000,0x0000000776700000)
  to   space 15360K, 0% used [0x000000077e500000,0x000000077e500000,0x000000077f400000)
 ParOldGen       total 112128K, used 18025K [0x00000006c9400000, 0x00000006d0180000, 0x000000076dc00000)
  object space 112128K, 16% used [0x00000006c9400000,0x00000006ca59a648,0x00000006d0180000)
 Metaspace       used 23755K, capacity 24302K, committed 24576K, reserved 1071104K
  class space    used 2671K, capacity 2812K, committed 2816K, reserved 1048576K
Event: 8.930 GC heap after
Heap after GC invocations=9 (full 1):
 PSYoungGen      total 222208K, used 15356K [0x000000076dc00000, 0x000000077f400000, 0x00000007c0000000)
  eden space 206848K, 0% used [0x000000076dc00000,0x000000076dc00000,0x000000077a600000)
  from space 15360K, 99% used [0x000000077e500000,0x000000077f3ff128,0x000000077f400000)
  to   space 24576K, 0% used [0x000000077c400000,0x000000077c400000,0x000000077dc00000)
 ParOldGen       total 112128K, used 36435K [0x00000006c9400000, 0x00000006d0180000, 0x000000076dc00000)
  object space 112128K, 32% used [0x00000006c9400000,0x00000006cb794ff0,0x00000006d0180000)
 Metaspace       used 23755K, capacity 24302K, committed 24576K, reserved 1071104K
  class space    used 2671K, capacity 2812K, committed 2816K, reserved 1048576K
}

Deoptimization events (10 events):
Event: 10.452 Thread 0x000002d96724f000 Uncommon trap: reason=class_check action=maybe_recompile pc=0x000002d9692d8290 method=java.util.Collections$UnmodifiableMap$UnmodifiableEntrySet$1.hasNext()Z @ 4
Event: 10.452 Thread 0x000002d96724f000 Uncommon trap: reason=class_check action=maybe_recompile pc=0x000002d9693256a8 method=java.util.Collections$UnmodifiableMap$UnmodifiableEntrySet$1.next()Ljava/util/Map$Entry; @ 8
Event: 10.452 Thread 0x000002d96724f000 Uncommon trap: reason=class_check action=maybe_recompile pc=0x000002d969348d08 method=java.util.Collections$UnmodifiableMap$UnmodifiableEntrySet$UnmodifiableEntry.getKey()Ljava/lang/Object; @ 4
Event: 10.452 Thread 0x000002d96724f000 Uncommon trap: reason=class_check action=maybe_recompile pc=0x000002d96934d908 method=java.util.Collections$UnmodifiableMap$UnmodifiableEntrySet$UnmodifiableEntry.getValue()Ljava/lang/Object; @ 4
Event: 10.454 Thread 0x000002d96724f000 Uncommon trap: reason=unstable_if action=reinterpret pc=0x000002d9699368b8 method=java.io.WinNTFileSystem.resolve(Ljava/lang/String;Ljava/lang/String;)Ljava/lang/String; @ 117
Event: 10.469 Thread 0x000002d96724f000 Uncommon trap: reason=unstable_if action=reinterpret pc=0x000002d969918d98 method=java.io.WinNTFileSystem.resolve(Ljava/lang/String;Ljava/lang/String;)Ljava/lang/String; @ 117
Event: 10.624 Thread 0x000002d96724f000 Uncommon trap: reason=class_check action=maybe_recompile pc=0x000002d969f014cc method=lombok.javac.JavacNode.traverse(Llombok/javac/JavacASTVisitor;)V @ 73
Event: 10.624 Thread 0x000002d96724f000 Uncommon trap: reason=class_check action=maybe_recompile pc=0x000002d969f014d8 method=lombok.javac.JavacNode.traverse(Llombok/javac/JavacASTVisitor;)V @ 113
Event: 10.625 Thread 0x000002d96724f000 Uncommon trap: reason=class_check action=maybe_recompile pc=0x000002d969f01670 method=lombok.javac.JavacNode.traverse(Llombok/javac/JavacASTVisitor;)V @ 490
Event: 10.625 Thread 0x000002d96724f000 Uncommon trap: reason=class_check action=maybe_recompile pc=0x000002d969f01670 method=lombok.javac.JavacNode.traverse(Llombok/javac/JavacASTVisitor;)V @ 490

Classes redefined (0 events):
No events

Internal exceptions (10 events):
Event: 7.056 Thread 0x000002d96724f000 Exception <a 'java/security/PrivilegedActionException'> (0x000000076ec435a8) thrown at [C:\jenkins\workspace\8-2-build-windows-x64-cygwin-sans-NAS\jdk8u391\514\hotspot\src\share\vm\prims\jvm.cpp, line 1513]
Event: 7.056 Thread 0x000002d96724f000 Exception <a 'java/security/PrivilegedActionException'> (0x000000076ec439a0) thrown at [C:\jenkins\workspace\8-2-build-windows-x64-cygwin-sans-NAS\jdk8u391\514\hotspot\src\share\vm\prims\jvm.cpp, line 1513]
Event: 7.056 Thread 0x000002d96724f000 Exception <a 'java/security/PrivilegedActionException'> (0x000000076ec44e40) thrown at [C:\jenkins\workspace\8-2-build-windows-x64-cygwin-sans-NAS\jdk8u391\514\hotspot\src\share\vm\prims\jvm.cpp, line 1513]
Event: 7.056 Thread 0x000002d96724f000 Exception <a 'java/security/PrivilegedActionException'> (0x000000076ec45238) thrown at [C:\jenkins\workspace\8-2-build-windows-x64-cygwin-sans-NAS\jdk8u391\514\hotspot\src\share\vm\prims\jvm.cpp, line 1513]
Event: 7.758 Thread 0x000002d96724f000 Exception <a 'java/io/FileNotFoundException'> (0x0000000770a71658) thrown at [C:\jenkins\workspace\8-2-build-windows-x64-cygwin-sans-NAS\jdk8u391\514\hotspot\src\share\vm\prims\jni.cpp, line 710]
Event: 7.855 Thread 0x000002d96724f000 Exception <a 'java/io/FileNotFoundException'> (0x00000007715fe820) thrown at [C:\jenkins\workspace\8-2-build-windows-x64-cygwin-sans-NAS\jdk8u391\514\hotspot\src\share\vm\prims\jni.cpp, line 710]
Event: 7.856 Thread 0x000002d96724f000 Exception <a 'java/io/FileNotFoundException'> (0x0000000771617568) thrown at [C:\jenkins\workspace\8-2-build-windows-x64-cygwin-sans-NAS\jdk8u391\514\hotspot\src\share\vm\prims\jni.cpp, line 710]
Event: 10.162 Thread 0x000002d96724f000 Implicit null exception at 0x000002d969249ff3 to 0x000002d96924a439
Event: 10.170 Thread 0x000002d96724f000 Implicit null exception at 0x000002d96922a855 to 0x000002d96922aa55
Event: 10.181 Thread 0x000002d96724f000 Implicit null exception at 0x000002d968f5866f to 0x000002d968f586d9

Events (10 events):
Event: 10.625 Thread 0x000002d96724f000 DEOPT UNPACKING pc=0x000002d968b958c3 sp=0x000000e1691fd278 mode 2
Event: 10.625 Thread 0x000002d96724f000 Uncommon trap: trap_request=0xffffffde fr.pc=0x000002d969f01670
Event: 10.625 Thread 0x000002d96724f000 DEOPT PACKING pc=0x000002d969f01670 sp=0x000000e1691fd2f0
Event: 10.625 Thread 0x000002d96724f000 DEOPT UNPACKING pc=0x000002d968b958c3 sp=0x000000e1691fd278 mode 2
Event: 10.627 Thread 0x000002d97c31b000 flushing nmethod 0x000002d968db5810
Event: 10.628 Thread 0x000002d97c31b000 flushing nmethod 0x000002d968f66e90
Event: 10.628 Thread 0x000002d97c31b000 flushing nmethod 0x000002d968f68090
Event: 10.629 Thread 0x000002d97c31b000 flushing nmethod 0x000002d9691fa710
Event: 10.630 Thread 0x000002d97c31b000 flushing nmethod 0x000002d969248150
Event: 10.631 Thread 0x000002d97c31b000 flushing nmethod 0x000002d969673a50


Dynamic libraries:
0x00007ff6133f0000 - 0x00007ff61343a000 	C:\Program Files\Java\jdk-1.8\bin\java.exe
0x00007ff911150000 - 0x00007ff911347000 	C:\Windows\SYSTEM32\ntdll.dll
0x00007ff90fb30000 - 0x00007ff90fbed000 	C:\Windows\System32\KERNEL32.DLL
0x00007ff90eb30000 - 0x00007ff90ee26000 	C:\Windows\System32\KERNELBASE.dll
0x00007ff90fcd0000 - 0x00007ff90fd7e000 	C:\Windows\System32\ADVAPI32.dll
0x00007ff90fa90000 - 0x00007ff90fb2e000 	C:\Windows\System32\msvcrt.dll
0x00007ff9108e0000 - 0x00007ff91097c000 	C:\Windows\System32\sechost.dll
0x00007ff90ff10000 - 0x00007ff910036000 	C:\Windows\System32\RPCRT4.dll
0x00007ff910f70000 - 0x00007ff91110e000 	C:\Windows\System32\USER32.dll
0x00007ff90ea50000 - 0x00007ff90ea72000 	C:\Windows\System32\win32u.dll
0x00007ff910050000 - 0x00007ff91007c000 	C:\Windows\System32\GDI32.dll
0x00007ff90e930000 - 0x00007ff90ea4a000 	C:\Windows\System32\gdi32full.dll
0x00007ff90eeb0000 - 0x00007ff90ef4d000 	C:\Windows\System32\msvcp_win.dll
0x00007ff90e830000 - 0x00007ff90e930000 	C:\Windows\System32\ucrtbase.dll
0x00007ff8fdaa0000 - 0x00007ff8fdd3a000 	C:\Windows\WinSxS\amd64_microsoft.windows.common-controls_6595b64144ccf1df_6.0.19041.3570_none_60bb2a3971f3e41a\COMCTL32.dll
0x00007ff90fbf0000 - 0x00007ff90fc20000 	C:\Windows\System32\IMM32.DLL
0x00007ff8fc520000 - 0x00007ff8fc53b000 	C:\Program Files\Java\jdk-1.8\jre\bin\vcruntime140.dll
0x00007ff906c90000 - 0x00007ff906c9c000 	C:\Program Files\Java\jdk-1.8\jre\bin\vcruntime140_1.dll
0x00007ff8e7600000 - 0x00007ff8e768e000 	C:\Program Files\Java\jdk-1.8\jre\bin\msvcp140.dll
0x00007ff8c6580000 - 0x00007ff8c6e30000 	C:\Program Files\Java\jdk-1.8\jre\bin\server\jvm.dll
0x00007ff910aa0000 - 0x00007ff910aa8000 	C:\Windows\System32\PSAPI.DLL
0x00007ff904320000 - 0x00007ff904347000 	C:\Windows\SYSTEM32\WINMM.dll
0x00007ff8f7ca0000 - 0x00007ff8f7ca9000 	C:\Windows\SYSTEM32\WSOCK32.dll
0x00007ff905bc0000 - 0x00007ff905bca000 	C:\Windows\SYSTEM32\VERSION.dll
0x00007ff90fd80000 - 0x00007ff90fdeb000 	C:\Windows\System32\WS2_32.dll
0x00007ff90c6d0000 - 0x00007ff90c6e2000 	C:\Windows\SYSTEM32\kernel.appcore.dll
0x00007ff906990000 - 0x00007ff9069a0000 	C:\Program Files\Java\jdk-1.8\jre\bin\verify.dll
0x00007ff8fbd40000 - 0x00007ff8fbd6b000 	C:\Program Files\Java\jdk-1.8\jre\bin\java.dll
0x00007ff8fca80000 - 0x00007ff8fcab4000 	C:\Program Files\Java\jdk-1.8\jre\bin\instrument.dll
0x00007ff8f7f10000 - 0x00007ff8f7f28000 	C:\Program Files\Java\jdk-1.8\jre\bin\zip.dll
0x00007ff90f1b0000 - 0x00007ff90f8f4000 	C:\Windows\System32\SHELL32.dll
0x00007ff90c8d0000 - 0x00007ff90d06b000 	C:\Windows\SYSTEM32\windows.storage.dll
0x00007ff910b30000 - 0x00007ff910e84000 	C:\Windows\System32\combase.dll
0x00007ff90e270000 - 0x00007ff90e29d000 	C:\Windows\SYSTEM32\Wldp.dll
0x00007ff90fc20000 - 0x00007ff90fccd000 	C:\Windows\System32\SHCORE.dll
0x00007ff90fe00000 - 0x00007ff90fe55000 	C:\Windows\System32\shlwapi.dll
0x00007ff90e760000 - 0x00007ff90e785000 	C:\Windows\SYSTEM32\profapi.dll
0x00007ff906ca0000 - 0x00007ff906cba000 	D:\software\IntelliJ IDEA 2022.1\bin\breakgen64.dll
0x00007ff8ec180000 - 0x00007ff8ec19c000 	C:\Program Files\Java\jdk-1.8\jre\bin\net.dll
0x00007ff90dfd0000 - 0x00007ff90e03a000 	C:\Windows\system32\mswsock.dll
0x00007ff90e1d0000 - 0x00007ff90e1e8000 	C:\Windows\SYSTEM32\CRYPTSP.dll
0x00007ff90d870000 - 0x00007ff90d8a4000 	C:\Windows\system32\rsaenh.dll
0x00007ff90ee30000 - 0x00007ff90ee57000 	C:\Windows\System32\bcrypt.dll
0x00007ff90e6e0000 - 0x00007ff90e70e000 	C:\Windows\SYSTEM32\USERENV.dll
0x00007ff90f0b0000 - 0x00007ff90f132000 	C:\Windows\System32\bcryptprimitives.dll
0x00007ff90e1c0000 - 0x00007ff90e1cc000 	C:\Windows\SYSTEM32\CRYPTBASE.dll
0x00007ff90dc70000 - 0x00007ff90dcab000 	C:\Windows\SYSTEM32\IPHLPAPI.DLL
0x00007ff90fdf0000 - 0x00007ff90fdf8000 	C:\Windows\System32\NSI.dll
0x00007ff907170000 - 0x00007ff907187000 	C:\Windows\SYSTEM32\dhcpcsvc6.DLL
0x00007ff907150000 - 0x00007ff90716d000 	C:\Windows\SYSTEM32\dhcpcsvc.DLL
0x00007ff90dcc0000 - 0x00007ff90dd8a000 	C:\Windows\SYSTEM32\DNSAPI.dll
0x00007ff8ec160000 - 0x00007ff8ec173000 	C:\Program Files\Java\jdk-1.8\jre\bin\nio.dll
0x00007ff907370000 - 0x00007ff90737a000 	C:\Users\chen\AppData\Local\Temp\jansi-1.17.1-5198040613188461531.dll
0x00007ff9006a0000 - 0x00007ff9006aa000 	C:\Users\chen\AppData\Local\Temp\jansi-1.17.1-4896250369716968281.dll
0x00007ff901260000 - 0x00007ff901444000 	C:\Windows\SYSTEM32\dbghelp.dll

VM Arguments:
jvm_args: -Dmaven.multiModuleProjectDirectory=C:\Users\chen\Desktop\项目文件\piShop\pipayshop-backend -Dmaven.home=D:\software\IntelliJ IDEA 2022.1\plugins\maven\lib\maven3 -Dclassworlds.conf=D:\software\IntelliJ IDEA 2022.1\plugins\maven\lib\maven3\bin\m2.conf -Dmaven.ext.class.path=D:\software\IntelliJ IDEA 2022.1\plugins\maven\lib\maven-event-listener.jar -javaagent:D:\software\IntelliJ IDEA 2022.1\lib\idea_rt.jar=58929:D:\software\IntelliJ IDEA 2022.1\bin -Dfile.encoding=UTF-8 
java_command: org.codehaus.classworlds.Launcher -Didea.version=2022.1 package
java_class_path (initial): D:\software\IntelliJ IDEA 2022.1\plugins\maven\lib\maven3\boot\plexus-classworlds-2.6.0.jar;D:\software\IntelliJ IDEA 2022.1\plugins\maven\lib\maven3\boot\plexus-classworlds.license;D:\software\IntelliJ IDEA 2022.1\lib\idea_rt.jar
Launcher Type: SUN_STANDARD

Environment Variables:
JAVA_HOME=C:\Program Files\Java\jdk-1.8
CLASSPATH=.;D:\software\apache-tomcat-10.0.20\lib\servlet-api.jar\servlet-api.jar
PATH=C:\Program Files (x86)\Common Files\Oracle\Java\javapath;D:\software\bin\;C:\Windows\system32;C:\Windows;C:\Windows\System32\Wbem;C:\Windows\System32\WindowsPowerShell\v1.0\;C:\Windows\System32\OpenSSH\;C:\Program Files (x86)\NVIDIA Corporation\PhysX\Common;C:\Program Files\NVIDIA Corporation\NVIDIA NvDLISR;C:\Program Files\Microsoft SQL Server\Client SDK\ODBC\170\Tools\Binn\;C:\Program Files (x86)\Microsoft SQL Server\150\Tools\Binn\;C:\Program Files\Microsoft SQL Server\150\Tools\Binn\;C:\Program Files\Microsoft SQL Server\150\DTS\Binn\;C:\Program Files (x86)\Microsoft SQL Server\150\DTS\Binn\;C:\Program Files\Azure Data Studio\bin;C:\Program Files\NVIDIA Corporation\Nsight Compute 2022.1.1\;C:\Program Files\Java\jdk-1.8\bin;D:\software\apache-tomcat-10.0.20\bin;D:\maven\apache-maven-3.8.6\bin;C:\Windows\system32;C:\Windows;C:\Windows\System32\Wbem;D:\maven\apache-maven-3.8.6;D:\software\nodejs\;C:\Program Files\Git\cmd;C:\Program Files\TortoiseGit\bin;D:\software\微信web开发者工具\dll;C:\Program Files\Calibre2\;C:\Users\chen\AppData\Local\Microsoft\WindowsApps;C:\Program Files\Bandizip\;D:\Program Files\IntelliJ IDEA Community Edition 2021.3\bin;;C:\Program Files\Azure Data Studio\bin;D:\Program Files\Microsoft VS Code\bin;C:\Users\chen\AppData\Roaming\npm
USERNAME=chen
OS=Windows_NT
PROCESSOR_IDENTIFIER=AMD64 Family 23 Model 96 Stepping 1, AuthenticAMD



---------------  S Y S T E M  ---------------

OS: Windows 10 , 64 bit Build 19041 (10.0.19041.3570)

CPU:total 12 (initial active 12) (12 cores per cpu, 1 threads per core) family 23 model 96 stepping 1, cmov, cx8, fxsr, mmx, sse, sse2, sse3, ssse3, sse4.1, sse4.2, popcnt, avx, avx2, aes, clmul, mmxext, 3dnowpref, lzcnt, sse4a, tsc, tscinvbit, tscinv, bmi1

Memory: 4k page, physical 16170292k(1181632k free), swap 49060956k(19952k free)

vm_info: Java HotSpot(TM) 64-Bit Server VM (25.391-b13) for windows-amd64 JRE (1.8.0_391-b13), built on Oct  4 2023 07:54:08 by "java_re" with MS VC++ 17.1 (VS2022)

time: Wed Nov 29 17:41:29 2023
timezone: AMD64 Family 23 Model 96 Stepping 1, AuthenticAMD
elapsed time: 10.781794 seconds (0d 0h 0m 10s)

