#
# There is insufficient memory for the Java Runtime Environment to continue.
# Native memory allocation (malloc) failed to allocate 32784 bytes for Chunk::new
# Possible reasons:
#   The system is out of physical RAM or swap space
#   The process is running with CompressedOops enabled, and the Java Heap may be blocking the growth of the native heap
# Possible solutions:
#   Reduce memory load on the system
#   Increase physical memory or swap space
#   Check if swap backing store is full
#   Decrease Java heap size (-Xmx/-Xms)
#   Decrease number of Java threads
#   Decrease Java thread stack sizes (-Xss)
#   Set larger code cache with -XX:ReservedCodeCacheSize=
#   JVM is running with Zero Based Compressed Oops mode in which the Java heap is
#     placed in the first 32GB address space. The Java Heap base address is the
#     maximum limit for the native heap growth. Please use -XX:HeapBaseMinAddress
#     to set the Java Heap base and to place the Java Heap above 32GB virtual address.
# This output file may be truncated or incomplete.
#
#  Out of Memory Error (allocation.cpp:389), pid=139076, tid=0x0000000000017a30
#
# JRE version: Java(TM) SE Runtime Environment (8.0_391) (build 1.8.0_391-b13)
# Java VM: Java HotSpot(TM) 64-Bit Server VM (25.391-b13 mixed mode windows-amd64 compressed oops)
# Failed to write core dump. Minidumps are not enabled by default on client versions of Windows
#

---------------  T H R E A D  ---------------

Current thread (0x00000268089a7000):  JavaThread "C2 CompilerThread0" daemon [_thread_in_native, id=96816, stack(0x000000e57d500000,0x000000e57d600000)]

Stack: [0x000000e57d500000,0x000000e57d600000]
Native frames: (J=compiled Java code, j=interpreted, Vv=VM code, C=native code)
V  [jvm.dll+0x353049]
V  [jvm.dll+0x290062]
V  [jvm.dll+0x290c2d]
V  [jvm.dll+0x285265]
V  [jvm.dll+0xdb9bc]
V  [jvm.dll+0xdc1cc]
V  [jvm.dll+0xdbd16]
V  [jvm.dll+0x4fa37f]
V  [jvm.dll+0x4bd3eb]
V  [jvm.dll+0x46b73a]
V  [jvm.dll+0x468c22]
V  [jvm.dll+0x452a6b]
V  [jvm.dll+0xb0766]
V  [jvm.dll+0xaee3f]
V  [jvm.dll+0x251612]
V  [jvm.dll+0x2accfc]
C  [ucrtbase.dll+0x21bb2]
C  [KERNEL32.DLL+0x17344]
C  [ntdll.dll+0x526b1]


Current CompileTask:
C2:  16488 8607       4       com.sun.tools.javac.comp.Resolve$AbstractMethodCheck::argumentsAcceptable (288 bytes)


---------------  P R O C E S S  ---------------

Java Threads: ( => current thread )
  0x00000268089d6800 JavaThread "Service Thread" daemon [_thread_blocked, id=92144, stack(0x000000e57d900000,0x000000e57da00000)]
  0x00000268089b1000 JavaThread "C1 CompilerThread3" daemon [_thread_blocked, id=139732, stack(0x000000e57d800000,0x000000e57d900000)]
  0x00000268089ae000 JavaThread "C2 CompilerThread2" daemon [_thread_in_native, id=138220, stack(0x000000e57d700000,0x000000e57d800000)]
  0x00000268089aa000 JavaThread "C2 CompilerThread1" daemon [_thread_in_native, id=133716, stack(0x000000e57d600000,0x000000e57d700000)]
=>0x00000268089a7000 JavaThread "C2 CompilerThread0" daemon [_thread_in_native, id=96816, stack(0x000000e57d500000,0x000000e57d600000)]
  0x00000268089a2000 JavaThread "Monitor Ctrl-Break" daemon [_thread_in_native, id=120148, stack(0x000000e57d400000,0x000000e57d500000)]
  0x0000026808983800 JavaThread "Attach Listener" daemon [_thread_blocked, id=68056, stack(0x000000e57d300000,0x000000e57d400000)]
  0x0000026808983000 JavaThread "Signal Dispatcher" daemon [_thread_blocked, id=136844, stack(0x000000e57d200000,0x000000e57d300000)]
  0x000002687e9eb000 JavaThread "Finalizer" daemon [_thread_blocked, id=140104, stack(0x000000e57d100000,0x000000e57d200000)]
  0x000002687e9e4000 JavaThread "Reference Handler" daemon [_thread_blocked, id=71488, stack(0x000000e57d000000,0x000000e57d100000)]
  0x000002686bc7f800 JavaThread "main" [_thread_in_native, id=138328, stack(0x000000e57c400000,0x000000e57c500000)]

Other Threads:
  0x000002687e9bc800 VMThread [stack: 0x000000e57cf00000,0x000000e57d000000] [id=127152]
  0x0000026808a9b000 WatcherThread [stack: 0x000000e57da00000,0x000000e57db00000] [id=105880]

VM state:not at safepoint (normal execution)

VM Mutex/Monitor currently owned by a thread: None

heap address: 0x00000006c9400000, size: 3948 MB, Compressed Oops mode: Zero based, Oop shift amount: 3
Narrow klass base: 0x0000000000000000, Narrow klass shift: 3
Compressed class space size: 1073741824 Address: 0x00000007c0000000

Heap:
 PSYoungGen      total 361472K, used 189414K [0x000000076dc00000, 0x0000000786080000, 0x00000007c0000000)
  eden space 332800K, 55% used [0x000000076dc00000,0x00000007790b2760,0x0000000782100000)
  from space 28672K, 15% used [0x0000000784080000,0x00000007844c73b0,0x0000000785c80000)
  to   space 32256K, 0% used [0x0000000782100000,0x0000000782100000,0x0000000784080000)
 ParOldGen       total 117248K, used 116747K [0x00000006c9400000, 0x00000006d0680000, 0x000000076dc00000)
  object space 117248K, 99% used [0x00000006c9400000,0x00000006d0602df0,0x00000006d0680000)
 Metaspace       used 28477K, capacity 29164K, committed 29440K, reserved 1075200K
  class space    used 3087K, capacity 3244K, committed 3328K, reserved 1048576K

Card table byte_map: [0x000002687ca90000,0x000002687d250000] byte_map_base: 0x0000026879446000

Marking Bits: (ParMarkBitMap*) 0x00007ff8c2346040
 Begin Bits: [0x0000026800000000, 0x0000026803db0000)
 End Bits:   [0x0000026803db0000, 0x0000026807b60000)

Polling page: 0x000002686bc30000

CodeCache: size=245760Kb used=27357Kb max_used=28578Kb free=218402Kb
 bounds [0x000002686d6d0000, 0x000002686f330000, 0x000002687c6d0000]
 total_blobs=7102 nmethods=6669 adapters=345
 compilation: enabled

Compilation events (10 events):
Event: 16.450 Thread 0x00000268089b1000 8624       1       com.sun.tools.javac.tree.JCTree$JCPrimitiveTypeTree::getTag (4 bytes)
Event: 16.450 Thread 0x00000268089b1000 nmethod 8624 0x000002686dc86810 code [0x000002686dc86960, 0x000002686dc86a78]
Event: 16.450 Thread 0x00000268089b1000 8619       3       com.sun.tools.javac.comp.MemberEnter$InitTreeVisitor::visitTypeCast (9 bytes)
Event: 16.450 Thread 0x00000268089b1000 nmethod 8619 0x000002686f00a510 code [0x000002686f00a680, 0x000002686f00a8b0]
Event: 16.451 Thread 0x00000268089b1000 8627       3       com.sun.tools.javac.comp.Check$NestedCheckContext::inferenceContext (10 bytes)
Event: 16.452 Thread 0x00000268089b1000 nmethod 8627 0x000002686f146a10 code [0x000002686f146b80, 0x000002686f146db0]
Event: 16.455 Thread 0x00000268089b1000 8628 %     3       com.sun.tools.javac.jvm.Code$State::markInitialized @ 40 (143 bytes)
Event: 16.455 Thread 0x00000268089b1000 nmethod 8628% 0x000002686eb64110 code [0x000002686eb64300, 0x000002686eb64ef0]
Event: 16.459 Thread 0x00000268089b1000 8629   !   3       com.sun.tools.javac.comp.Check::checkNonCyclicElements (191 bytes)
Event: 16.460 Thread 0x00000268089b1000 nmethod 8629 0x000002686e55e110 code [0x000002686e55e360, 0x000002686e55f2f0]

GC Heap History (10 events):
Event: 10.643 GC heap before
{Heap before GC invocations=16 (full 1):
 PSYoungGen      total 283136K, used 258752K [0x000000076dc00000, 0x0000000785e00000, 0x00000007c0000000)
  eden space 255488K, 100% used [0x000000076dc00000,0x000000077d580000,0x000000077d580000)
  from space 27648K, 11% used [0x000000077f300000,0x000000077f630000,0x0000000780e00000)
  to   space 30208K, 0% used [0x000000077d580000,0x000000077d580000,0x000000077f300000)
 ParOldGen       total 117248K, used 73256K [0x00000006c9400000, 0x00000006d0680000, 0x000000076dc00000)
  object space 117248K, 62% used [0x00000006c9400000,0x00000006cdb8a150,0x00000006d0680000)
 Metaspace       used 26505K, capacity 27242K, committed 27520K, reserved 1073152K
  class space    used 2933K, capacity 3114K, committed 3200K, reserved 1048576K
Event: 10.657 GC heap after
Heap after GC invocations=16 (full 1):
 PSYoungGen      total 285696K, used 3104K [0x000000076dc00000, 0x0000000785e00000, 0x00000007c0000000)
  eden space 255488K, 0% used [0x000000076dc00000,0x000000076dc00000,0x000000077d580000)
  from space 30208K, 10% used [0x000000077d580000,0x000000077d888000,0x000000077f300000)
  to   space 27648K, 0% used [0x000000077f300000,0x000000077f300000,0x0000000780e00000)
 ParOldGen       total 117248K, used 76404K [0x00000006c9400000, 0x00000006d0680000, 0x000000076dc00000)
  object space 117248K, 65% used [0x00000006c9400000,0x00000006cde9d160,0x00000006d0680000)
 Metaspace       used 26505K, capacity 27242K, committed 27520K, reserved 1073152K
  class space    used 2933K, capacity 3114K, committed 3200K, reserved 1048576K
}
Event: 11.704 GC heap before
{Heap before GC invocations=17 (full 1):
 PSYoungGen      total 285696K, used 258592K [0x000000076dc00000, 0x0000000785e00000, 0x00000007c0000000)
  eden space 255488K, 100% used [0x000000076dc00000,0x000000077d580000,0x000000077d580000)
  from space 30208K, 10% used [0x000000077d580000,0x000000077d888000,0x000000077f300000)
  to   space 27648K, 0% used [0x000000077f300000,0x000000077f300000,0x0000000780e00000)
 ParOldGen       total 117248K, used 76404K [0x00000006c9400000, 0x00000006d0680000, 0x000000076dc00000)
  object space 117248K, 65% used [0x00000006c9400000,0x00000006cde9d160,0x00000006d0680000)
 Metaspace       used 26551K, capacity 27308K, committed 27520K, reserved 1073152K
  class space    used 2937K, capacity 3116K, committed 3200K, reserved 1048576K
Event: 11.716 GC heap after
Heap after GC invocations=17 (full 1):
 PSYoungGen      total 283648K, used 13782K [0x000000076dc00000, 0x0000000788a00000, 0x00000007c0000000)
  eden space 256000K, 0% used [0x000000076dc00000,0x000000076dc00000,0x000000077d600000)
  from space 27648K, 49% used [0x000000077f300000,0x00000007800759c0,0x0000000780e00000)
  to   space 29696K, 0% used [0x000000077d600000,0x000000077d600000,0x000000077f300000)
 ParOldGen       total 117248K, used 79364K [0x00000006c9400000, 0x00000006d0680000, 0x000000076dc00000)
  object space 117248K, 67% used [0x00000006c9400000,0x00000006ce181170,0x00000006d0680000)
 Metaspace       used 26551K, capacity 27308K, committed 27520K, reserved 1073152K
  class space    used 2937K, capacity 3116K, committed 3200K, reserved 1048576K
}
Event: 12.579 GC heap before
{Heap before GC invocations=18 (full 1):
 PSYoungGen      total 283648K, used 269782K [0x000000076dc00000, 0x0000000788a00000, 0x00000007c0000000)
  eden space 256000K, 100% used [0x000000076dc00000,0x000000077d600000,0x000000077d600000)
  from space 27648K, 49% used [0x000000077f300000,0x00000007800759c0,0x0000000780e00000)
  to   space 29696K, 0% used [0x000000077d600000,0x000000077d600000,0x000000077f300000)
 ParOldGen       total 117248K, used 79364K [0x00000006c9400000, 0x00000006d0680000, 0x000000076dc00000)
  object space 117248K, 67% used [0x00000006c9400000,0x00000006ce181170,0x00000006d0680000)
 Metaspace       used 26576K, capacity 27308K, committed 27520K, reserved 1073152K
  class space    used 2937K, capacity 3116K, committed 3200K, reserved 1048576K
Event: 12.592 GC heap after
Heap after GC invocations=18 (full 1):
 PSYoungGen      total 285696K, used 13026K [0x000000076dc00000, 0x0000000785c80000, 0x00000007c0000000)
  eden space 256000K, 0% used [0x000000076dc00000,0x000000076dc00000,0x000000077d600000)
  from space 29696K, 43% used [0x000000077d600000,0x000000077e2b8b98,0x000000077f300000)
  to   space 28672K, 0% used [0x0000000784080000,0x0000000784080000,0x0000000785c80000)
 ParOldGen       total 117248K, used 92495K [0x00000006c9400000, 0x00000006d0680000, 0x000000076dc00000)
  object space 117248K, 78% used [0x00000006c9400000,0x00000006cee53f88,0x00000006d0680000)
 Metaspace       used 26576K, capacity 27308K, committed 27520K, reserved 1073152K
  class space    used 2937K, capacity 3116K, committed 3200K, reserved 1048576K
}
Event: 14.420 GC heap before
{Heap before GC invocations=19 (full 1):
 PSYoungGen      total 285696K, used 269026K [0x000000076dc00000, 0x0000000785c80000, 0x00000007c0000000)
  eden space 256000K, 100% used [0x000000076dc00000,0x000000077d600000,0x000000077d600000)
  from space 29696K, 43% used [0x000000077d600000,0x000000077e2b8b98,0x000000077f300000)
  to   space 28672K, 0% used [0x0000000784080000,0x0000000784080000,0x0000000785c80000)
 ParOldGen       total 117248K, used 92495K [0x00000006c9400000, 0x00000006d0680000, 0x000000076dc00000)
  object space 117248K, 78% used [0x00000006c9400000,0x00000006cee53f88,0x00000006d0680000)
 Metaspace       used 27759K, capacity 28428K, committed 28672K, reserved 1075200K
  class space    used 3045K, capacity 3212K, committed 3328K, reserved 1048576K
Event: 14.449 GC heap after
Heap after GC invocations=19 (full 1):
 PSYoungGen      total 361472K, used 26714K [0x000000076dc00000, 0x0000000786080000, 0x00000007c0000000)
  eden space 332800K, 0% used [0x000000076dc00000,0x000000076dc00000,0x0000000782100000)
  from space 28672K, 93% used [0x0000000784080000,0x0000000785a96850,0x0000000785c80000)
  to   space 32256K, 0% used [0x0000000782100000,0x0000000782100000,0x0000000784080000)
 ParOldGen       total 117248K, used 104803K [0x00000006c9400000, 0x00000006d0680000, 0x000000076dc00000)
  object space 117248K, 89% used [0x00000006c9400000,0x00000006cfa58d98,0x00000006d0680000)
 Metaspace       used 27759K, capacity 28428K, committed 28672K, reserved 1075200K
  class space    used 3045K, capacity 3212K, committed 3328K, reserved 1048576K
}
Event: 14.449 GC heap before
{Heap before GC invocations=20 (full 2):
 PSYoungGen      total 361472K, used 26714K [0x000000076dc00000, 0x0000000786080000, 0x00000007c0000000)
  eden space 332800K, 0% used [0x000000076dc00000,0x000000076dc00000,0x0000000782100000)
  from space 28672K, 93% used [0x0000000784080000,0x0000000785a96850,0x0000000785c80000)
  to   space 32256K, 0% used [0x0000000782100000,0x0000000782100000,0x0000000784080000)
 ParOldGen       total 117248K, used 104803K [0x00000006c9400000, 0x00000006d0680000, 0x000000076dc00000)
  object space 117248K, 89% used [0x00000006c9400000,0x00000006cfa58d98,0x00000006d0680000)
 Metaspace       used 27759K, capacity 28428K, committed 28672K, reserved 1075200K
  class space    used 3045K, capacity 3212K, committed 3328K, reserved 1048576K
Event: 14.727 GC heap after
Heap after GC invocations=20 (full 2):
 PSYoungGen      total 361472K, used 4380K [0x000000076dc00000, 0x0000000786080000, 0x00000007c0000000)
  eden space 332800K, 0% used [0x000000076dc00000,0x000000076dc00000,0x0000000782100000)
  from space 28672K, 15% used [0x0000000784080000,0x00000007844c73b0,0x0000000785c80000)
  to   space 32256K, 0% used [0x0000000782100000,0x0000000782100000,0x0000000784080000)
 ParOldGen       total 117248K, used 116747K [0x00000006c9400000, 0x00000006d0680000, 0x000000076dc00000)
  object space 117248K, 99% used [0x00000006c9400000,0x00000006d0602df0,0x00000006d0680000)
 Metaspace       used 27759K, capacity 28428K, committed 28672K, reserved 1075200K
  class space    used 3045K, capacity 3212K, committed 3328K, reserved 1048576K
}

Deoptimization events (10 events):
Event: 16.330 Thread 0x000002686bc7f800 Uncommon trap: reason=class_check action=maybe_recompile pc=0x000002686f0d843c method=com.sun.tools.javac.comp.Resolve.adjustArgs(Lcom/sun/tools/javac/util/List;Lcom/sun/tools/javac/code/Symbol;IZ)Lcom/sun/tools/javac/util/List; @ 1
Event: 16.334 Thread 0x000002686bc7f800 Uncommon trap: reason=class_check action=maybe_recompile pc=0x000002686f1aa728 method=com.sun.tools.javac.code.Types.isSubtypeUncheckedInternal(Lcom/sun/tools/javac/code/Type;Lcom/sun/tools/javac/code/Type;Lcom/sun/tools/javac/util/Warner;)Z @ 37
Event: 16.335 Thread 0x000002686bc7f800 Uncommon trap: reason=unstable_if action=reinterpret pc=0x000002686e92d254 method=com.sun.tools.javac.comp.Resolve$AbstractMethodCheck.argumentsAcceptable(Lcom/sun/tools/javac/comp/Env;Lcom/sun/tools/javac/comp/DeferredAttr$DeferredAttrContext;Lcom/sun/to
Event: 16.335 Thread 0x000002686bc7f800 Uncommon trap: reason=unstable_if action=reinterpret pc=0x000002686df26774 method=com.sun.tools.javac.comp.Resolve$4.argumentsAcceptable(Lcom/sun/tools/javac/comp/Env;Lcom/sun/tools/javac/comp/DeferredAttr$DeferredAttrContext;Lcom/sun/tools/javac/util/Lis
Event: 16.335 Thread 0x000002686bc7f800 Uncommon trap: reason=bimorphic action=maybe_recompile pc=0x000002686f24bd6c method=com.sun.tools.javac.code.Types.asOuterSuper(Lcom/sun/tools/javac/code/Type;Lcom/sun/tools/javac/code/Symbol;)Lcom/sun/tools/javac/code/Type; @ 4
Event: 16.335 Thread 0x000002686bc7f800 Uncommon trap: reason=bimorphic action=maybe_recompile pc=0x000002686f24bd6c method=com.sun.tools.javac.code.Types.asOuterSuper(Lcom/sun/tools/javac/code/Type;Lcom/sun/tools/javac/code/Symbol;)Lcom/sun/tools/javac/code/Type; @ 4
Event: 16.338 Thread 0x000002686bc7f800 Uncommon trap: reason=unstable_if action=reinterpret pc=0x000002686f012ff8 method=com.sun.tools.javac.comp.Resolve.selectBest(Lcom/sun/tools/javac/comp/Env;Lcom/sun/tools/javac/code/Type;Lcom/sun/tools/javac/util/List;Lcom/sun/tools/javac/util/List;Lcom/s
Event: 16.340 Thread 0x000002686bc7f800 Uncommon trap: reason=class_check action=maybe_recompile pc=0x000002686f1aa728 method=com.sun.tools.javac.code.Types.isSubtypeUncheckedInternal(Lcom/sun/tools/javac/code/Type;Lcom/sun/tools/javac/code/Type;Lcom/sun/tools/javac/util/Warner;)Z @ 37
Event: 16.343 Thread 0x000002686bc7f800 Uncommon trap: reason=class_check action=maybe_recompile pc=0x000002686f0d843c method=com.sun.tools.javac.comp.Resolve.adjustArgs(Lcom/sun/tools/javac/util/List;Lcom/sun/tools/javac/code/Symbol;IZ)Lcom/sun/tools/javac/util/List; @ 1
Event: 16.343 Thread 0x000002686bc7f800 Uncommon trap: reason=class_check action=maybe_recompile pc=0x000002686f0d843c method=com.sun.tools.javac.comp.Resolve.adjustArgs(Lcom/sun/tools/javac/util/List;Lcom/sun/tools/javac/code/Symbol;IZ)Lcom/sun/tools/javac/util/List; @ 1

Classes redefined (0 events):
No events

Internal exceptions (10 events):
Event: 10.250 Thread 0x000002686bc7f800 Implicit null exception at 0x000002686dc58237 to 0x000002686dc586f1
Event: 10.791 Thread 0x000002686bc7f800 Implicit null exception at 0x000002686e66e6f2 to 0x000002686e66f0e5
Event: 10.802 Thread 0x000002686bc7f800 Implicit null exception at 0x000002686e819e93 to 0x000002686e819ee6
Event: 10.903 Thread 0x000002686bc7f800 Implicit null exception at 0x000002686e78211c to 0x000002686e7822bd
Event: 12.612 Thread 0x000002686bc7f800 Implicit null exception at 0x000002686ddb38b3 to 0x000002686ddb446d
Event: 12.612 Thread 0x000002686bc7f800 Implicit null exception at 0x000002686da8561b to 0x000002686da85aa9
Event: 12.613 Thread 0x000002686bc7f800 Implicit null exception at 0x000002686d91044c to 0x000002686d91048d
Event: 13.965 Thread 0x000002686bc7f800 Implicit null exception at 0x000002686e8ab5f8 to 0x000002686e8ac68d
Event: 13.967 Thread 0x000002686bc7f800 Implicit null exception at 0x000002686e901ea4 to 0x000002686e902c89
Event: 13.967 Thread 0x000002686bc7f800 Implicit null exception at 0x000002686e901ea4 to 0x000002686e902c89

Events (10 events):
Event: 16.340 Thread 0x000002686bc7f800 DEOPT PACKING pc=0x000002686f1aa728 sp=0x000000e57c4fc590
Event: 16.340 Thread 0x000002686bc7f800 DEOPT UNPACKING pc=0x000002686d7158c3 sp=0x000000e57c4fc550 mode 2
Event: 16.343 Thread 0x000002686bc7f800 Uncommon trap: trap_request=0xffffffde fr.pc=0x000002686f0d843c
Event: 16.343 Thread 0x000002686bc7f800 DEOPT PACKING pc=0x000002686f0d843c sp=0x000000e57c4fb5c0
Event: 16.343 Thread 0x000002686bc7f800 DEOPT UNPACKING pc=0x000002686d7158c3 sp=0x000000e57c4fb588 mode 2
Event: 16.343 Thread 0x000002686bc7f800 Uncommon trap: trap_request=0xffffffde fr.pc=0x000002686f0d843c
Event: 16.343 Thread 0x000002686bc7f800 DEOPT PACKING pc=0x000002686f0d843c sp=0x000000e57c4fb4b0
Event: 16.343 Thread 0x000002686bc7f800 DEOPT UNPACKING pc=0x000002686d7158c3 sp=0x000000e57c4fb448 mode 2
Event: 16.446 Executing VM operation: ForceSafepoint
Event: 16.446 Executing VM operation: ForceSafepoint done


Dynamic libraries:
0x00007ff60b7d0000 - 0x00007ff60b81a000 	C:\Program Files\Java\jdk-1.8\bin\java.exe
0x00007ff911150000 - 0x00007ff911347000 	C:\Windows\SYSTEM32\ntdll.dll
0x00007ff90fb30000 - 0x00007ff90fbed000 	C:\Windows\System32\KERNEL32.DLL
0x00007ff90eb30000 - 0x00007ff90ee26000 	C:\Windows\System32\KERNELBASE.dll
0x00007ff90fcd0000 - 0x00007ff90fd7e000 	C:\Windows\System32\ADVAPI32.dll
0x00007ff90fa90000 - 0x00007ff90fb2e000 	C:\Windows\System32\msvcrt.dll
0x00007ff9108e0000 - 0x00007ff91097c000 	C:\Windows\System32\sechost.dll
0x00007ff90ff10000 - 0x00007ff910036000 	C:\Windows\System32\RPCRT4.dll
0x00007ff910f70000 - 0x00007ff91110e000 	C:\Windows\System32\USER32.dll
0x00007ff90ea50000 - 0x00007ff90ea72000 	C:\Windows\System32\win32u.dll
0x00007ff910050000 - 0x00007ff91007c000 	C:\Windows\System32\GDI32.dll
0x00007ff90e930000 - 0x00007ff90ea4a000 	C:\Windows\System32\gdi32full.dll
0x00007ff90eeb0000 - 0x00007ff90ef4d000 	C:\Windows\System32\msvcp_win.dll
0x00007ff90e830000 - 0x00007ff90e930000 	C:\Windows\System32\ucrtbase.dll
0x00007ff8fdaa0000 - 0x00007ff8fdd3a000 	C:\Windows\WinSxS\amd64_microsoft.windows.common-controls_6595b64144ccf1df_6.0.19041.3570_none_60bb2a3971f3e41a\COMCTL32.dll
0x00007ff90fbf0000 - 0x00007ff90fc20000 	C:\Windows\System32\IMM32.DLL
0x00007ff8e8310000 - 0x00007ff8e832b000 	C:\Program Files\Java\jdk-1.8\jre\bin\vcruntime140.dll
0x00007ff906b20000 - 0x00007ff906b2c000 	C:\Program Files\Java\jdk-1.8\jre\bin\vcruntime140_1.dll
0x00007ff8d24f0000 - 0x00007ff8d257e000 	C:\Program Files\Java\jdk-1.8\jre\bin\msvcp140.dll
0x00007ff8c1b10000 - 0x00007ff8c23c0000 	C:\Program Files\Java\jdk-1.8\jre\bin\server\jvm.dll
0x00007ff910aa0000 - 0x00007ff910aa8000 	C:\Windows\System32\PSAPI.DLL
0x00007ff904320000 - 0x00007ff904347000 	C:\Windows\SYSTEM32\WINMM.dll
0x00007ff8f7ca0000 - 0x00007ff8f7ca9000 	C:\Windows\SYSTEM32\WSOCK32.dll
0x00007ff905bc0000 - 0x00007ff905bca000 	C:\Windows\SYSTEM32\VERSION.dll
0x00007ff90fd80000 - 0x00007ff90fdeb000 	C:\Windows\System32\WS2_32.dll
0x00007ff90c6d0000 - 0x00007ff90c6e2000 	C:\Windows\SYSTEM32\kernel.appcore.dll
0x00007ff900740000 - 0x00007ff900750000 	C:\Program Files\Java\jdk-1.8\jre\bin\verify.dll
0x00007ff8e7530000 - 0x00007ff8e755b000 	C:\Program Files\Java\jdk-1.8\jre\bin\java.dll
0x00007ff906b40000 - 0x00007ff906b74000 	C:\Program Files\Java\jdk-1.8\jre\bin\instrument.dll
0x00007ff8e6f30000 - 0x00007ff8e6f48000 	C:\Program Files\Java\jdk-1.8\jre\bin\zip.dll
0x00007ff90f1b0000 - 0x00007ff90f8f4000 	C:\Windows\System32\SHELL32.dll
0x00007ff90c8d0000 - 0x00007ff90d06b000 	C:\Windows\SYSTEM32\windows.storage.dll
0x00007ff910b30000 - 0x00007ff910e84000 	C:\Windows\System32\combase.dll
0x00007ff90e270000 - 0x00007ff90e29d000 	C:\Windows\SYSTEM32\Wldp.dll
0x00007ff90fc20000 - 0x00007ff90fccd000 	C:\Windows\System32\SHCORE.dll
0x00007ff90fe00000 - 0x00007ff90fe55000 	C:\Windows\System32\shlwapi.dll
0x00007ff90e760000 - 0x00007ff90e785000 	C:\Windows\SYSTEM32\profapi.dll
0x00007ff908de0000 - 0x00007ff908dfa000 	D:\software\IntelliJ IDEA 2022.1\bin\breakgen64.dll
0x00007ff8e6f10000 - 0x00007ff8e6f2c000 	C:\Program Files\Java\jdk-1.8\jre\bin\net.dll
0x00007ff90dfd0000 - 0x00007ff90e03a000 	C:\Windows\system32\mswsock.dll
0x00007ff90e1d0000 - 0x00007ff90e1e8000 	C:\Windows\SYSTEM32\CRYPTSP.dll
0x00007ff90d870000 - 0x00007ff90d8a4000 	C:\Windows\system32\rsaenh.dll
0x00007ff90ee30000 - 0x00007ff90ee57000 	C:\Windows\System32\bcrypt.dll
0x00007ff90e6e0000 - 0x00007ff90e70e000 	C:\Windows\SYSTEM32\USERENV.dll
0x00007ff90f0b0000 - 0x00007ff90f132000 	C:\Windows\System32\bcryptprimitives.dll
0x00007ff90e1c0000 - 0x00007ff90e1cc000 	C:\Windows\SYSTEM32\CRYPTBASE.dll
0x00007ff90dc70000 - 0x00007ff90dcab000 	C:\Windows\SYSTEM32\IPHLPAPI.DLL
0x00007ff90fdf0000 - 0x00007ff90fdf8000 	C:\Windows\System32\NSI.dll
0x00007ff907170000 - 0x00007ff907187000 	C:\Windows\SYSTEM32\dhcpcsvc6.DLL
0x00007ff907150000 - 0x00007ff90716d000 	C:\Windows\SYSTEM32\dhcpcsvc.DLL
0x00007ff90dcc0000 - 0x00007ff90dd8a000 	C:\Windows\SYSTEM32\DNSAPI.dll
0x00007ff8e6ef0000 - 0x00007ff8e6f03000 	C:\Program Files\Java\jdk-1.8\jre\bin\nio.dll
0x00007ff9011b0000 - 0x00007ff9011ba000 	C:\Users\chen\AppData\Local\Temp\jansi-1.17.1-8716520746393060278.dll
0x00007ff9011a0000 - 0x00007ff9011aa000 	C:\Users\chen\AppData\Local\Temp\jansi-1.17.1-2675520719461321049.dll
0x00007ff901260000 - 0x00007ff901444000 	C:\Windows\SYSTEM32\dbghelp.dll

VM Arguments:
jvm_args: -Dmaven.multiModuleProjectDirectory=C:\Users\chen\Desktop\项目文件\piShop\pipayshop-backend -Dmaven.home=D:\software\IntelliJ IDEA 2022.1\plugins\maven\lib\maven3 -Dclassworlds.conf=D:\software\IntelliJ IDEA 2022.1\plugins\maven\lib\maven3\bin\m2.conf -Dmaven.ext.class.path=D:\software\IntelliJ IDEA 2022.1\plugins\maven\lib\maven-event-listener.jar -javaagent:D:\software\IntelliJ IDEA 2022.1\lib\idea_rt.jar=51205:D:\software\IntelliJ IDEA 2022.1\bin -Dfile.encoding=UTF-8 
java_command: org.codehaus.classworlds.Launcher -Didea.version=2022.1 package
java_class_path (initial): D:\software\IntelliJ IDEA 2022.1\plugins\maven\lib\maven3\boot\plexus-classworlds-2.6.0.jar;D:\software\IntelliJ IDEA 2022.1\plugins\maven\lib\maven3\boot\plexus-classworlds.license;D:\software\IntelliJ IDEA 2022.1\lib\idea_rt.jar
Launcher Type: SUN_STANDARD

Environment Variables:
JAVA_HOME=C:\Program Files\Java\jdk-1.8
CLASSPATH=.;D:\software\apache-tomcat-10.0.20\lib\servlet-api.jar\servlet-api.jar
PATH=C:\Program Files (x86)\Common Files\Oracle\Java\javapath;D:\software\bin\;C:\Windows\system32;C:\Windows;C:\Windows\System32\Wbem;C:\Windows\System32\WindowsPowerShell\v1.0\;C:\Windows\System32\OpenSSH\;C:\Program Files (x86)\NVIDIA Corporation\PhysX\Common;C:\Program Files\NVIDIA Corporation\NVIDIA NvDLISR;C:\Program Files\Microsoft SQL Server\Client SDK\ODBC\170\Tools\Binn\;C:\Program Files (x86)\Microsoft SQL Server\150\Tools\Binn\;C:\Program Files\Microsoft SQL Server\150\Tools\Binn\;C:\Program Files\Microsoft SQL Server\150\DTS\Binn\;C:\Program Files (x86)\Microsoft SQL Server\150\DTS\Binn\;C:\Program Files\Azure Data Studio\bin;C:\Program Files\NVIDIA Corporation\Nsight Compute 2022.1.1\;C:\Program Files\Java\jdk-1.8\bin;D:\software\apache-tomcat-10.0.20\bin;D:\maven\apache-maven-3.8.6\bin;C:\Windows\system32;C:\Windows;C:\Windows\System32\Wbem;D:\maven\apache-maven-3.8.6;D:\software\nodejs\;C:\Program Files\Git\cmd;C:\Program Files\TortoiseGit\bin;D:\software\微信web开发者工具\dll;C:\Program Files\Calibre2\;C:\Users\chen\AppData\Local\Microsoft\WindowsApps;C:\Program Files\Bandizip\;D:\Program Files\IntelliJ IDEA Community Edition 2021.3\bin;;C:\Program Files\Azure Data Studio\bin;D:\Program Files\Microsoft VS Code\bin;C:\Users\chen\AppData\Roaming\npm
USERNAME=chen
OS=Windows_NT
PROCESSOR_IDENTIFIER=AMD64 Family 23 Model 96 Stepping 1, AuthenticAMD



---------------  S Y S T E M  ---------------

OS: Windows 10 , 64 bit Build 19041 (10.0.19041.3570)

CPU:total 12 (initial active 12) (12 cores per cpu, 1 threads per core) family 23 model 96 stepping 1, cmov, cx8, fxsr, mmx, sse, sse2, sse3, ssse3, sse4.1, sse4.2, popcnt, avx, avx2, aes, clmul, mmxext, 3dnowpref, lzcnt, sse4a, tsc, tscinvbit, tscinv, bmi1

Memory: 4k page, physical 16170292k(604116k free), swap 49060956k(5484k free)

vm_info: Java HotSpot(TM) 64-Bit Server VM (25.391-b13) for windows-amd64 JRE (1.8.0_391-b13), built on Oct  4 2023 07:54:08 by "java_re" with MS VC++ 17.1 (VS2022)

time: Tue Nov 28 20:04:03 2023
timezone: AMD64 Family 23 Model 96 Stepping 1, AuthenticAMD
elapsed time: 16.494344 seconds (0d 0h 0m 16s)

