#
# There is insufficient memory for the Java Runtime Environment to continue.
# Native memory allocation (malloc) failed to allocate 1257776 bytes for Chunk::new
# Possible reasons:
#   The system is out of physical RAM or swap space
#   The process is running with CompressedOops enabled, and the Java Heap may be blocking the growth of the native heap
# Possible solutions:
#   Reduce memory load on the system
#   Increase physical memory or swap space
#   Check if swap backing store is full
#   Decrease Java heap size (-Xmx/-Xms)
#   Decrease number of Java threads
#   Decrease Java thread stack sizes (-Xss)
#   Set larger code cache with -XX:ReservedCodeCacheSize=
#   JVM is running with Zero Based Compressed Oops mode in which the Java heap is
#     placed in the first 32GB address space. The Java Heap base address is the
#     maximum limit for the native heap growth. Please use -XX:HeapBaseMinAddress
#     to set the Java Heap base and to place the Java Heap above 32GB virtual address.
# This output file may be truncated or incomplete.
#
#  Out of Memory Error (allocation.cpp:389), pid=140048, tid=0x000000000001106c
#
# JRE version: Java(TM) SE Runtime Environment (8.0_391) (build 1.8.0_391-b13)
# Java VM: Java HotSpot(TM) 64-Bit Server VM (25.391-b13 mixed mode windows-amd64 compressed oops)
# Failed to write core dump. Minidumps are not enabled by default on client versions of Windows
#

---------------  T H R E A D  ---------------

Current thread (0x000001cb49fe9000):  JavaThread "C2 CompilerThread2" daemon [_thread_in_native, id=69740, stack(0x0000008cc8b00000,0x0000008cc8c00000)]

Stack: [0x0000008cc8b00000,0x0000008cc8c00000]
Native frames: (J=compiled Java code, j=interpreted, Vv=VM code, C=native code)
V  [jvm.dll+0x353049]
V  [jvm.dll+0x290062]
V  [jvm.dll+0x290c2d]
V  [jvm.dll+0x285265]
V  [jvm.dll+0xdb9bc]
V  [jvm.dll+0xdc1cc]
V  [jvm.dll+0x49d03d]
V  [jvm.dll+0x460675]
V  [jvm.dll+0x46993f]
V  [jvm.dll+0x468d39]
V  [jvm.dll+0x452a6b]
V  [jvm.dll+0xb0766]
V  [jvm.dll+0xaee3f]
V  [jvm.dll+0x251612]
V  [jvm.dll+0x2accfc]
C  [ucrtbase.dll+0x21bb2]
C  [KERNEL32.DLL+0x17344]
C  [ntdll.dll+0x526b1]


Current CompileTask:
C2:  14066 8823       4       com.sun.tools.javac.jvm.ClassWriter::writeCode (922 bytes)


---------------  P R O C E S S  ---------------

Java Threads: ( => current thread )
  0x000001cb4a00c800 JavaThread "Service Thread" daemon [_thread_blocked, id=139152, stack(0x0000008cc8d00000,0x0000008cc8e00000)]
  0x000001cb49fee800 JavaThread "C1 CompilerThread3" daemon [_thread_blocked, id=123516, stack(0x0000008cc8c00000,0x0000008cc8d00000)]
=>0x000001cb49fe9000 JavaThread "C2 CompilerThread2" daemon [_thread_in_native, id=69740, stack(0x0000008cc8b00000,0x0000008cc8c00000)]
  0x000001cb49fe5000 JavaThread "C2 CompilerThread1" daemon [_thread_in_native, id=134276, stack(0x0000008cc8a00000,0x0000008cc8b00000)]
  0x000001cb49fe2000 JavaThread "C2 CompilerThread0" daemon [_thread_in_native, id=127628, stack(0x0000008cc8900000,0x0000008cc8a00000)]
  0x000001cb49fde000 JavaThread "Monitor Ctrl-Break" daemon [_thread_in_native, id=127952, stack(0x0000008cc8800000,0x0000008cc8900000)]
  0x000001cb47bfb000 JavaThread "Attach Listener" daemon [_thread_blocked, id=77200, stack(0x0000008cc8700000,0x0000008cc8800000)]
  0x000001cb49fc2800 JavaThread "Signal Dispatcher" daemon [_thread_blocked, id=130160, stack(0x0000008cc8600000,0x0000008cc8700000)]
  0x000001cb47bc7800 JavaThread "Finalizer" daemon [_thread_blocked, id=117728, stack(0x0000008cc8500000,0x0000008cc8600000)]
  0x000001cb47bc0000 JavaThread "Reference Handler" daemon [_thread_blocked, id=141712, stack(0x0000008cc8400000,0x0000008cc8500000)]
  0x000001cb2d2ff000 JavaThread "main" [_thread_in_Java, id=74004, stack(0x0000008cc7800000,0x0000008cc7900000)]

Other Threads:
  0x000001cb47b98800 VMThread [stack: 0x0000008cc8300000,0x0000008cc8400000] [id=141148]
  0x000001cb4a00e800 WatcherThread [stack: 0x0000008cc8e00000,0x0000008cc8f00000] [id=131300]

VM state:not at safepoint (normal execution)

VM Mutex/Monitor currently owned by a thread: None

heap address: 0x00000006c9400000, size: 3948 MB, Compressed Oops mode: Zero based, Oop shift amount: 3
Narrow klass base: 0x0000000000000000, Narrow klass shift: 3
Compressed class space size: 1073741824 Address: 0x00000007c0000000

Heap:
 PSYoungGen      total 376320K, used 270506K [0x000000076dc00000, 0x0000000786880000, 0x00000007c0000000)
  eden space 348160K, 75% used [0x000000076dc00000,0x000000077db606e0,0x0000000783000000)
  from space 28160K, 31% used [0x0000000783000000,0x00000007838ca378,0x0000000784b80000)
  to   space 28672K, 0% used [0x0000000784b80000,0x0000000784b80000,0x0000000786780000)
 ParOldGen       total 112640K, used 112342K [0x00000006c9400000, 0x00000006d0200000, 0x000000076dc00000)
  object space 112640K, 99% used [0x00000006c9400000,0x00000006d01b5bb8,0x00000006d0200000)
 Metaspace       used 28557K, capacity 29292K, committed 29440K, reserved 1075200K
  class space    used 3088K, capacity 3244K, committed 3328K, reserved 1048576K

Card table byte_map: [0x000001cb3e110000,0x000001cb3e8d0000] byte_map_base: 0x000001cb3aac6000

Marking Bits: (ParMarkBitMap*) 0x00007ff8c6db6040
 Begin Bits: [0x000001cb3ee00000, 0x000001cb42bb0000)
 End Bits:   [0x000001cb42bb0000, 0x000001cb46960000)

Polling page: 0x000001cb2d4a0000

CodeCache: size=245760Kb used=30557Kb max_used=30557Kb free=215202Kb
 bounds [0x000001cb2ed50000, 0x000001cb30b50000, 0x000001cb3dd50000]
 total_blobs=7399 nmethods=6967 adapters=345
 compilation: enabled

Compilation events (10 events):
Event: 14.016 Thread 0x000001cb49fee800 8926       3       com.sun.tools.javac.tree.TreeMaker::Annotations (58 bytes)
Event: 14.016 Thread 0x000001cb49fee800 nmethod 8926 0x000001cb30b11a50 code [0x000001cb30b11c60, 0x000001cb30b12780]
Event: 14.017 Thread 0x000001cb49fee800 8924       3       com.sun.tools.javac.comp.Lower::freevarDefs (151 bytes)
Event: 14.018 Thread 0x000001cb49fee800 nmethod 8924 0x000001cb30b2cc90 code [0x000001cb30b2cfa0, 0x000001cb30b2e9b0]
Event: 14.018 Thread 0x000001cb49fee800 8929       3       com.sun.tools.javac.comp.Attr::visitSelect (1224 bytes)
Event: 14.025 Thread 0x000001cb49fee800 nmethod 8929 0x000001cb30b2fb50 code [0x000001cb30b304c0, 0x000001cb30b38010]
Event: 14.025 Thread 0x000001cb49fee800 8930       3       com.sun.tools.javac.comp.Check$ClashFilter::accepts (64 bytes)
Event: 14.026 Thread 0x000001cb49fee800 nmethod 8930 0x000001cb30b3c350 code [0x000001cb30b3c500, 0x000001cb30b3cc20]
Event: 14.026 Thread 0x000001cb49fee800 8932       3       com.sun.tools.javac.comp.Check$ClashFilter::accepts (9 bytes)
Event: 14.026 Thread 0x000001cb49fee800 nmethod 8932 0x000001cb30b3ce10 code [0x000001cb30b3cf80, 0x000001cb30b3d1f0]

GC Heap History (10 events):
Event: 7.532 GC heap before
{Heap before GC invocations=15 (full 1):
 PSYoungGen      total 262656K, used 240640K [0x000000076dc00000, 0x0000000786780000, 0x00000007c0000000)
  eden space 237568K, 100% used [0x000000076dc00000,0x000000077c400000,0x000000077c400000)
  from space 25088K, 12% used [0x000000077c400000,0x000000077c700000,0x000000077dc80000)
  to   space 28672K, 0% used [0x0000000784b80000,0x0000000784b80000,0x0000000786780000)
 ParOldGen       total 112640K, used 68423K [0x00000006c9400000, 0x00000006d0200000, 0x000000076dc00000)
  object space 112640K, 60% used [0x00000006c9400000,0x00000006cd6d1cd0,0x00000006d0200000)
 Metaspace       used 26459K, capacity 27242K, committed 27520K, reserved 1073152K
  class space    used 2932K, capacity 3114K, committed 3200K, reserved 1048576K
Event: 7.540 GC heap after
Heap after GC invocations=15 (full 1):
 PSYoungGen      total 376832K, used 4064K [0x000000076dc00000, 0x0000000786880000, 0x00000007c0000000)
  eden space 348160K, 0% used [0x000000076dc00000,0x000000076dc00000,0x0000000783000000)
  from space 28672K, 14% used [0x0000000784b80000,0x0000000784f78010,0x0000000786780000)
  to   space 28160K, 0% used [0x0000000783000000,0x0000000783000000,0x0000000784b80000)
 ParOldGen       total 112640K, used 71343K [0x00000006c9400000, 0x00000006d0200000, 0x000000076dc00000)
  object space 112640K, 63% used [0x00000006c9400000,0x00000006cd9abcd0,0x00000006d0200000)
 Metaspace       used 26459K, capacity 27242K, committed 27520K, reserved 1073152K
  class space    used 2932K, capacity 3114K, committed 3200K, reserved 1048576K
}
Event: 7.791 GC heap before
{Heap before GC invocations=16 (full 1):
 PSYoungGen      total 376832K, used 352224K [0x000000076dc00000, 0x0000000786880000, 0x00000007c0000000)
  eden space 348160K, 100% used [0x000000076dc00000,0x0000000783000000,0x0000000783000000)
  from space 28672K, 14% used [0x0000000784b80000,0x0000000784f78010,0x0000000786780000)
  to   space 28160K, 0% used [0x0000000783000000,0x0000000783000000,0x0000000784b80000)
 ParOldGen       total 112640K, used 71343K [0x00000006c9400000, 0x00000006d0200000, 0x000000076dc00000)
  object space 112640K, 63% used [0x00000006c9400000,0x00000006cd9abcd0,0x00000006d0200000)
 Metaspace       used 26475K, capacity 27242K, committed 27520K, reserved 1073152K
  class space    used 2932K, capacity 3114K, committed 3200K, reserved 1048576K
Event: 7.801 GC heap after
Heap after GC invocations=16 (full 1):
 PSYoungGen      total 376320K, used 4032K [0x000000076dc00000, 0x0000000786880000, 0x00000007c0000000)
  eden space 348160K, 0% used [0x000000076dc00000,0x000000076dc00000,0x0000000783000000)
  from space 28160K, 14% used [0x0000000783000000,0x00000007833f0000,0x0000000784b80000)
  to   space 28672K, 0% used [0x0000000784b80000,0x0000000784b80000,0x0000000786780000)
 ParOldGen       total 112640K, used 75279K [0x00000006c9400000, 0x00000006d0200000, 0x000000076dc00000)
  object space 112640K, 66% used [0x00000006c9400000,0x00000006cdd83ce0,0x00000006d0200000)
 Metaspace       used 26475K, capacity 27242K, committed 27520K, reserved 1073152K
  class space    used 2932K, capacity 3114K, committed 3200K, reserved 1048576K
}
Event: 9.474 GC heap before
{Heap before GC invocations=17 (full 1):
 PSYoungGen      total 376320K, used 352192K [0x000000076dc00000, 0x0000000786880000, 0x00000007c0000000)
  eden space 348160K, 100% used [0x000000076dc00000,0x0000000783000000,0x0000000783000000)
  from space 28160K, 14% used [0x0000000783000000,0x00000007833f0000,0x0000000784b80000)
  to   space 28672K, 0% used [0x0000000784b80000,0x0000000784b80000,0x0000000786780000)
 ParOldGen       total 112640K, used 75279K [0x00000006c9400000, 0x00000006d0200000, 0x000000076dc00000)
  object space 112640K, 66% used [0x00000006c9400000,0x00000006cdd83ce0,0x00000006d0200000)
 Metaspace       used 26551K, capacity 27308K, committed 27520K, reserved 1073152K
  class space    used 2936K, capacity 3116K, committed 3200K, reserved 1048576K
Event: 9.493 GC heap after
Heap after GC invocations=17 (full 1):
 PSYoungGen      total 376832K, used 26025K [0x000000076dc00000, 0x0000000786880000, 0x00000007c0000000)
  eden space 348160K, 0% used [0x000000076dc00000,0x000000076dc00000,0x0000000783000000)
  from space 28672K, 90% used [0x0000000784b80000,0x00000007864ea590,0x0000000786780000)
  to   space 28160K, 0% used [0x0000000783000000,0x0000000783000000,0x0000000784b80000)
 ParOldGen       total 112640K, used 79063K [0x00000006c9400000, 0x00000006d0200000, 0x000000076dc00000)
  object space 112640K, 70% used [0x00000006c9400000,0x00000006ce135cf0,0x00000006d0200000)
 Metaspace       used 26551K, capacity 27308K, committed 27520K, reserved 1073152K
  class space    used 2936K, capacity 3116K, committed 3200K, reserved 1048576K
}
Event: 11.178 GC heap before
{Heap before GC invocations=18 (full 1):
 PSYoungGen      total 376832K, used 374185K [0x000000076dc00000, 0x0000000786880000, 0x00000007c0000000)
  eden space 348160K, 100% used [0x000000076dc00000,0x0000000783000000,0x0000000783000000)
  from space 28672K, 90% used [0x0000000784b80000,0x00000007864ea590,0x0000000786780000)
  to   space 28160K, 0% used [0x0000000783000000,0x0000000783000000,0x0000000784b80000)
 ParOldGen       total 112640K, used 79063K [0x00000006c9400000, 0x00000006d0200000, 0x000000076dc00000)
  object space 112640K, 70% used [0x00000006c9400000,0x00000006ce135cf0,0x00000006d0200000)
 Metaspace       used 27406K, capacity 28108K, committed 28416K, reserved 1075200K
  class space    used 3044K, capacity 3212K, committed 3328K, reserved 1048576K
Event: 11.202 GC heap after
Heap after GC invocations=18 (full 1):
 PSYoungGen      total 376320K, used 26284K [0x000000076dc00000, 0x0000000786880000, 0x00000007c0000000)
  eden space 348160K, 0% used [0x000000076dc00000,0x000000076dc00000,0x0000000783000000)
  from space 28160K, 93% used [0x0000000783000000,0x00000007849ab168,0x0000000784b80000)
  to   space 28672K, 0% used [0x0000000784b80000,0x0000000784b80000,0x0000000786780000)
 ParOldGen       total 112640K, used 104367K [0x00000006c9400000, 0x00000006d0200000, 0x000000076dc00000)
  object space 112640K, 92% used [0x00000006c9400000,0x00000006cf9ebcb0,0x00000006d0200000)
 Metaspace       used 27406K, capacity 28108K, committed 28416K, reserved 1075200K
  class space    used 3044K, capacity 3212K, committed 3328K, reserved 1048576K
}
Event: 11.202 GC heap before
{Heap before GC invocations=19 (full 2):
 PSYoungGen      total 376320K, used 26284K [0x000000076dc00000, 0x0000000786880000, 0x00000007c0000000)
  eden space 348160K, 0% used [0x000000076dc00000,0x000000076dc00000,0x0000000783000000)
  from space 28160K, 93% used [0x0000000783000000,0x00000007849ab168,0x0000000784b80000)
  to   space 28672K, 0% used [0x0000000784b80000,0x0000000784b80000,0x0000000786780000)
 ParOldGen       total 112640K, used 104367K [0x00000006c9400000, 0x00000006d0200000, 0x000000076dc00000)
  object space 112640K, 92% used [0x00000006c9400000,0x00000006cf9ebcb0,0x00000006d0200000)
 Metaspace       used 27406K, capacity 28108K, committed 28416K, reserved 1075200K
  class space    used 3044K, capacity 3212K, committed 3328K, reserved 1048576K
Event: 11.475 GC heap after
Heap after GC invocations=19 (full 2):
 PSYoungGen      total 376320K, used 9000K [0x000000076dc00000, 0x0000000786880000, 0x00000007c0000000)
  eden space 348160K, 0% used [0x000000076dc00000,0x000000076dc00000,0x0000000783000000)
  from space 28160K, 31% used [0x0000000783000000,0x00000007838ca378,0x0000000784b80000)
  to   space 28672K, 0% used [0x0000000784b80000,0x0000000784b80000,0x0000000786780000)
 ParOldGen       total 112640K, used 112342K [0x00000006c9400000, 0x00000006d0200000, 0x000000076dc00000)
  object space 112640K, 99% used [0x00000006c9400000,0x00000006d01b5bb8,0x00000006d0200000)
 Metaspace       used 27406K, capacity 28108K, committed 28416K, reserved 1075200K
  class space    used 3044K, capacity 3212K, committed 3328K, reserved 1048576K
}

Deoptimization events (10 events):
Event: 14.004 Thread 0x000001cb2d2ff000 Uncommon trap: reason=unstable_if action=reinterpret pc=0x000001cb309d3cc8 method=com.sun.tools.javac.comp.Attr.checkIdInternal(Lcom/sun/tools/javac/tree/JCTree;Lcom/sun/tools/javac/code/Type;Lcom/sun/tools/javac/code/Symbol;Lcom/sun/tools/javac/code/Type
Event: 14.004 Thread 0x000001cb2d2ff000 Uncommon trap: reason=unstable_if action=reinterpret pc=0x000001cb30b14f0c method=com.sun.tools.javac.comp.Attr.visitSelect(Lcom/sun/tools/javac/tree/JCTree$JCFieldAccess;)V @ 286
Event: 14.005 Thread 0x000001cb2d2ff000 Uncommon trap: reason=class_check action=maybe_recompile pc=0x000001cb309b6de8 method=com.sun.tools.javac.code.Symbol$ClassSymbol.isSubClass(Lcom/sun/tools/javac/code/Symbol;Lcom/sun/tools/javac/code/Types;)Z @ 55
Event: 14.005 Thread 0x000001cb2d2ff000 Uncommon trap: reason=class_check action=maybe_recompile pc=0x000001cb30994f30 method=com.sun.tools.javac.code.Symbol$ClassSymbol.isSubClass(Lcom/sun/tools/javac/code/Symbol;Lcom/sun/tools/javac/code/Types;)Z @ 55
Event: 14.005 Thread 0x000001cb2d2ff000 Uncommon trap: reason=class_check action=maybe_recompile pc=0x000001cb309b6de8 method=com.sun.tools.javac.code.Symbol$ClassSymbol.isSubClass(Lcom/sun/tools/javac/code/Symbol;Lcom/sun/tools/javac/code/Types;)Z @ 55
Event: 14.005 Thread 0x000001cb2d2ff000 Uncommon trap: reason=class_check action=maybe_recompile pc=0x000001cb30994f30 method=com.sun.tools.javac.code.Symbol$ClassSymbol.isSubClass(Lcom/sun/tools/javac/code/Symbol;Lcom/sun/tools/javac/code/Types;)Z @ 55
Event: 14.005 Thread 0x000001cb2d2ff000 Uncommon trap: reason=speculate_class_check action=maybe_recompile pc=0x000001cb309adf10 method=com.sun.tools.javac.tree.JCTree.hasTag(Lcom/sun/tools/javac/tree/JCTree$Tag;)Z @ 2
Event: 14.005 Thread 0x000001cb2d2ff000 Uncommon trap: reason=speculate_class_check action=maybe_recompile pc=0x000001cb309adf10 method=com.sun.tools.javac.tree.JCTree.hasTag(Lcom/sun/tools/javac/tree/JCTree$Tag;)Z @ 2
Event: 14.005 Thread 0x000001cb2d2ff000 Uncommon trap: reason=speculate_class_check action=maybe_recompile pc=0x000001cb309adf10 method=com.sun.tools.javac.tree.JCTree.hasTag(Lcom/sun/tools/javac/tree/JCTree$Tag;)Z @ 2
Event: 14.007 Thread 0x000001cb2d2ff000 Uncommon trap: reason=class_check action=maybe_recompile pc=0x000001cb3091c850 method=com.sun.tools.javac.code.Types$SignatureGenerator.assembleClassSig(Lcom/sun/tools/javac/code/Type;)V @ 31

Classes redefined (0 events):
No events

Internal exceptions (10 events):
Event: 7.888 Thread 0x000001cb2d2ff000 Implicit null exception at 0x000001cb2ef66b4f to 0x000001cb2ef66c51
Event: 7.897 Thread 0x000001cb2d2ff000 Implicit null exception at 0x000001cb2ee86193 to 0x000001cb2ee861e6
Event: 7.990 Thread 0x000001cb2d2ff000 Implicit null exception at 0x000001cb2f44509c to 0x000001cb2f44523d
Event: 9.643 Thread 0x000001cb2d2ff000 Implicit null exception at 0x000001cb2f492833 to 0x000001cb2f4933e1
Event: 9.643 Thread 0x000001cb2d2ff000 Implicit null exception at 0x000001cb2f127ddb to 0x000001cb2f12826d
Event: 9.643 Thread 0x000001cb2d2ff000 Implicit null exception at 0x000001cb2ff6a18c to 0x000001cb2ff6a1cd
Event: 10.993 Thread 0x000001cb2d2ff000 Implicit null exception at 0x000001cb2f582d3c to 0x000001cb2f583d19
Event: 12.614 Thread 0x000001cb2d2ff000 Implicit null exception at 0x000001cb2f032c0c to 0x000001cb2f032c2b
Event: 12.648 Thread 0x000001cb2d2ff000 Implicit null exception at 0x000001cb2f00833b to 0x000001cb2f008629
Event: 12.651 Thread 0x000001cb2d2ff000 Implicit null exception at 0x000001cb2fc856f4 to 0x000001cb2fc8578d

Events (10 events):
Event: 14.005 Thread 0x000001cb2d2ff000 DEOPT UNPACKING pc=0x000001cb2ed958c3 sp=0x0000008cc78fcc00 mode 2
Event: 14.005 Thread 0x000001cb2d2ff000 Uncommon trap: trap_request=0xffffff76 fr.pc=0x000001cb309adf10
Event: 14.005 Thread 0x000001cb2d2ff000 DEOPT PACKING pc=0x000001cb309adf10 sp=0x0000008cc78fc6c0
Event: 14.005 Thread 0x000001cb2d2ff000 DEOPT UNPACKING pc=0x000001cb2ed958c3 sp=0x0000008cc78fc5e0 mode 2
Event: 14.005 Thread 0x000001cb2d2ff000 Uncommon trap: trap_request=0xffffff76 fr.pc=0x000001cb309adf10
Event: 14.005 Thread 0x000001cb2d2ff000 DEOPT PACKING pc=0x000001cb309adf10 sp=0x0000008cc78fc0a0
Event: 14.005 Thread 0x000001cb2d2ff000 DEOPT UNPACKING pc=0x000001cb2ed958c3 sp=0x0000008cc78fbfc0 mode 2
Event: 14.007 Thread 0x000001cb2d2ff000 Uncommon trap: trap_request=0xffffffde fr.pc=0x000001cb3091c850
Event: 14.007 Thread 0x000001cb2d2ff000 DEOPT PACKING pc=0x000001cb3091c850 sp=0x0000008cc78fd390
Event: 14.007 Thread 0x000001cb2d2ff000 DEOPT UNPACKING pc=0x000001cb2ed958c3 sp=0x0000008cc78fd300 mode 2


Dynamic libraries:
0x00007ff6133f0000 - 0x00007ff61343a000 	C:\Program Files\Java\jdk-1.8\bin\java.exe
0x00007ff911150000 - 0x00007ff911347000 	C:\Windows\SYSTEM32\ntdll.dll
0x00007ff90fb30000 - 0x00007ff90fbed000 	C:\Windows\System32\KERNEL32.DLL
0x00007ff90eb30000 - 0x00007ff90ee26000 	C:\Windows\System32\KERNELBASE.dll
0x00007ff90fcd0000 - 0x00007ff90fd7e000 	C:\Windows\System32\ADVAPI32.dll
0x00007ff90fa90000 - 0x00007ff90fb2e000 	C:\Windows\System32\msvcrt.dll
0x00007ff9108e0000 - 0x00007ff91097c000 	C:\Windows\System32\sechost.dll
0x00007ff90ff10000 - 0x00007ff910036000 	C:\Windows\System32\RPCRT4.dll
0x00007ff910f70000 - 0x00007ff91110e000 	C:\Windows\System32\USER32.dll
0x00007ff90ea50000 - 0x00007ff90ea72000 	C:\Windows\System32\win32u.dll
0x00007ff910050000 - 0x00007ff91007c000 	C:\Windows\System32\GDI32.dll
0x00007ff90e930000 - 0x00007ff90ea4a000 	C:\Windows\System32\gdi32full.dll
0x00007ff90eeb0000 - 0x00007ff90ef4d000 	C:\Windows\System32\msvcp_win.dll
0x00007ff90e830000 - 0x00007ff90e930000 	C:\Windows\System32\ucrtbase.dll
0x00007ff8fdaa0000 - 0x00007ff8fdd3a000 	C:\Windows\WinSxS\amd64_microsoft.windows.common-controls_6595b64144ccf1df_6.0.19041.3570_none_60bb2a3971f3e41a\COMCTL32.dll
0x00007ff90fbf0000 - 0x00007ff90fc20000 	C:\Windows\System32\IMM32.DLL
0x00007ff8fc520000 - 0x00007ff8fc53b000 	C:\Program Files\Java\jdk-1.8\jre\bin\vcruntime140.dll
0x00007ff906c90000 - 0x00007ff906c9c000 	C:\Program Files\Java\jdk-1.8\jre\bin\vcruntime140_1.dll
0x00007ff8e7600000 - 0x00007ff8e768e000 	C:\Program Files\Java\jdk-1.8\jre\bin\msvcp140.dll
0x00007ff8c6580000 - 0x00007ff8c6e30000 	C:\Program Files\Java\jdk-1.8\jre\bin\server\jvm.dll
0x00007ff910aa0000 - 0x00007ff910aa8000 	C:\Windows\System32\PSAPI.DLL
0x00007ff905bc0000 - 0x00007ff905bca000 	C:\Windows\SYSTEM32\VERSION.dll
0x00007ff8f7ca0000 - 0x00007ff8f7ca9000 	C:\Windows\SYSTEM32\WSOCK32.dll
0x00007ff904320000 - 0x00007ff904347000 	C:\Windows\SYSTEM32\WINMM.dll
0x00007ff90fd80000 - 0x00007ff90fdeb000 	C:\Windows\System32\WS2_32.dll
0x00007ff90c6d0000 - 0x00007ff90c6e2000 	C:\Windows\SYSTEM32\kernel.appcore.dll
0x00007ff906990000 - 0x00007ff9069a0000 	C:\Program Files\Java\jdk-1.8\jre\bin\verify.dll
0x00007ff8fbd40000 - 0x00007ff8fbd6b000 	C:\Program Files\Java\jdk-1.8\jre\bin\java.dll
0x00007ff8fca80000 - 0x00007ff8fcab4000 	C:\Program Files\Java\jdk-1.8\jre\bin\instrument.dll
0x00007ff8f7f10000 - 0x00007ff8f7f28000 	C:\Program Files\Java\jdk-1.8\jre\bin\zip.dll
0x00007ff90f1b0000 - 0x00007ff90f8f4000 	C:\Windows\System32\SHELL32.dll
0x00007ff90c8d0000 - 0x00007ff90d06b000 	C:\Windows\SYSTEM32\windows.storage.dll
0x00007ff910b30000 - 0x00007ff910e84000 	C:\Windows\System32\combase.dll
0x00007ff90e270000 - 0x00007ff90e29d000 	C:\Windows\SYSTEM32\Wldp.dll
0x00007ff90fc20000 - 0x00007ff90fccd000 	C:\Windows\System32\SHCORE.dll
0x00007ff90fe00000 - 0x00007ff90fe55000 	C:\Windows\System32\shlwapi.dll
0x00007ff90e760000 - 0x00007ff90e785000 	C:\Windows\SYSTEM32\profapi.dll
0x00007ff906ca0000 - 0x00007ff906cba000 	D:\software\IntelliJ IDEA 2022.1\bin\breakgen64.dll
0x00007ff8ec180000 - 0x00007ff8ec19c000 	C:\Program Files\Java\jdk-1.8\jre\bin\net.dll
0x00007ff90dfd0000 - 0x00007ff90e03a000 	C:\Windows\system32\mswsock.dll
0x00007ff90e1d0000 - 0x00007ff90e1e8000 	C:\Windows\SYSTEM32\CRYPTSP.dll
0x00007ff90d870000 - 0x00007ff90d8a4000 	C:\Windows\system32\rsaenh.dll
0x00007ff90ee30000 - 0x00007ff90ee57000 	C:\Windows\System32\bcrypt.dll
0x00007ff90e6e0000 - 0x00007ff90e70e000 	C:\Windows\SYSTEM32\USERENV.dll
0x00007ff90f0b0000 - 0x00007ff90f132000 	C:\Windows\System32\bcryptprimitives.dll
0x00007ff90e1c0000 - 0x00007ff90e1cc000 	C:\Windows\SYSTEM32\CRYPTBASE.dll
0x00007ff90dc70000 - 0x00007ff90dcab000 	C:\Windows\SYSTEM32\IPHLPAPI.DLL
0x00007ff90fdf0000 - 0x00007ff90fdf8000 	C:\Windows\System32\NSI.dll
0x00007ff907170000 - 0x00007ff907187000 	C:\Windows\SYSTEM32\dhcpcsvc6.DLL
0x00007ff907150000 - 0x00007ff90716d000 	C:\Windows\SYSTEM32\dhcpcsvc.DLL
0x00007ff90dcc0000 - 0x00007ff90dd8a000 	C:\Windows\SYSTEM32\DNSAPI.dll
0x00007ff8ec160000 - 0x00007ff8ec173000 	C:\Program Files\Java\jdk-1.8\jre\bin\nio.dll
0x00007ff907370000 - 0x00007ff90737a000 	C:\Users\chen\AppData\Local\Temp\jansi-1.17.1-8299503772351044102.dll
0x00007ff9006a0000 - 0x00007ff9006aa000 	C:\Users\chen\AppData\Local\Temp\jansi-1.17.1-3356435508241715733.dll
0x00007ff901260000 - 0x00007ff901444000 	C:\Windows\SYSTEM32\dbghelp.dll

VM Arguments:
jvm_args: -Dmaven.multiModuleProjectDirectory=C:\Users\chen\Desktop\项目文件\piShop\pipayshop-backend -Dmaven.home=D:\software\IntelliJ IDEA 2022.1\plugins\maven\lib\maven3 -Dclassworlds.conf=D:\software\IntelliJ IDEA 2022.1\plugins\maven\lib\maven3\bin\m2.conf -Dmaven.ext.class.path=D:\software\IntelliJ IDEA 2022.1\plugins\maven\lib\maven-event-listener.jar -javaagent:D:\software\IntelliJ IDEA 2022.1\lib\idea_rt.jar=58959:D:\software\IntelliJ IDEA 2022.1\bin -Dfile.encoding=UTF-8 
java_command: org.codehaus.classworlds.Launcher -Didea.version=2022.1 package
java_class_path (initial): D:\software\IntelliJ IDEA 2022.1\plugins\maven\lib\maven3\boot\plexus-classworlds-2.6.0.jar;D:\software\IntelliJ IDEA 2022.1\plugins\maven\lib\maven3\boot\plexus-classworlds.license;D:\software\IntelliJ IDEA 2022.1\lib\idea_rt.jar
Launcher Type: SUN_STANDARD

Environment Variables:
JAVA_HOME=C:\Program Files\Java\jdk-1.8
CLASSPATH=.;D:\software\apache-tomcat-10.0.20\lib\servlet-api.jar\servlet-api.jar
PATH=C:\Program Files (x86)\Common Files\Oracle\Java\javapath;D:\software\bin\;C:\Windows\system32;C:\Windows;C:\Windows\System32\Wbem;C:\Windows\System32\WindowsPowerShell\v1.0\;C:\Windows\System32\OpenSSH\;C:\Program Files (x86)\NVIDIA Corporation\PhysX\Common;C:\Program Files\NVIDIA Corporation\NVIDIA NvDLISR;C:\Program Files\Microsoft SQL Server\Client SDK\ODBC\170\Tools\Binn\;C:\Program Files (x86)\Microsoft SQL Server\150\Tools\Binn\;C:\Program Files\Microsoft SQL Server\150\Tools\Binn\;C:\Program Files\Microsoft SQL Server\150\DTS\Binn\;C:\Program Files (x86)\Microsoft SQL Server\150\DTS\Binn\;C:\Program Files\Azure Data Studio\bin;C:\Program Files\NVIDIA Corporation\Nsight Compute 2022.1.1\;C:\Program Files\Java\jdk-1.8\bin;D:\software\apache-tomcat-10.0.20\bin;D:\maven\apache-maven-3.8.6\bin;C:\Windows\system32;C:\Windows;C:\Windows\System32\Wbem;D:\maven\apache-maven-3.8.6;D:\software\nodejs\;C:\Program Files\Git\cmd;C:\Program Files\TortoiseGit\bin;D:\software\微信web开发者工具\dll;C:\Program Files\Calibre2\;C:\Users\chen\AppData\Local\Microsoft\WindowsApps;C:\Program Files\Bandizip\;D:\Program Files\IntelliJ IDEA Community Edition 2021.3\bin;;C:\Program Files\Azure Data Studio\bin;D:\Program Files\Microsoft VS Code\bin;C:\Users\chen\AppData\Roaming\npm
USERNAME=chen
OS=Windows_NT
PROCESSOR_IDENTIFIER=AMD64 Family 23 Model 96 Stepping 1, AuthenticAMD



---------------  S Y S T E M  ---------------

OS: Windows 10 , 64 bit Build 19041 (10.0.19041.3570)

CPU:total 12 (initial active 12) (12 cores per cpu, 1 threads per core) family 23 model 96 stepping 1, cmov, cx8, fxsr, mmx, sse, sse2, sse3, ssse3, sse4.1, sse4.2, popcnt, avx, avx2, aes, clmul, mmxext, 3dnowpref, lzcnt, sse4a, tsc, tscinvbit, tscinv, bmi1

Memory: 4k page, physical 16170292k(875384k free), swap 49060956k(5124k free)

vm_info: Java HotSpot(TM) 64-Bit Server VM (25.391-b13) for windows-amd64 JRE (1.8.0_391-b13), built on Oct  4 2023 07:54:08 by "java_re" with MS VC++ 17.1 (VS2022)

time: Wed Nov 29 17:41:51 2023
timezone: AMD64 Family 23 Model 96 Stepping 1, AuthenticAMD
elapsed time: 14.071366 seconds (0d 0h 0m 14s)

