#
# There is insufficient memory for the Java Runtime Environment to continue.
# Native memory allocation (malloc) failed to allocate 68368 bytes for Chunk::new
# Possible reasons:
#   The system is out of physical RAM or swap space
#   The process is running with CompressedOops enabled, and the Java Heap may be blocking the growth of the native heap
# Possible solutions:
#   Reduce memory load on the system
#   Increase physical memory or swap space
#   Check if swap backing store is full
#   Decrease Java heap size (-Xmx/-Xms)
#   Decrease number of Java threads
#   Decrease Java thread stack sizes (-Xss)
#   Set larger code cache with -XX:ReservedCodeCacheSize=
#   JVM is running with Zero Based Compressed Oops mode in which the Java heap is
#     placed in the first 32GB address space. The Java Heap base address is the
#     maximum limit for the native heap growth. Please use -XX:HeapBaseMinAddress
#     to set the Java Heap base and to place the Java Heap above 32GB virtual address.
# This output file may be truncated or incomplete.
#
#  Out of Memory Error (allocation.cpp:389), pid=139908, tid=0x000000000001ed68
#
# JRE version: Java(TM) SE Runtime Environment (8.0_391) (build 1.8.0_391-b13)
# Java VM: Java HotSpot(TM) 64-Bit Server VM (25.391-b13 mixed mode windows-amd64 compressed oops)
# Failed to write core dump. Minidumps are not enabled by default on client versions of Windows
#

---------------  T H R E A D  ---------------

Current thread (0x000001c5f4996800):  JavaThread "C2 CompilerThread2" daemon [_thread_in_native, id=126312, stack(0x000000aaa4100000,0x000000aaa4200000)]

Stack: [0x000000aaa4100000,0x000000aaa4200000]
Native frames: (J=compiled Java code, j=interpreted, Vv=VM code, C=native code)
V  [jvm.dll+0x353049]


Current CompileTask:
C2:  21318 10116   !   4       sun.nio.cs.StreamDecoder::read (196 bytes)


---------------  P R O C E S S  ---------------

Java Threads: ( => current thread )
  0x000001c5f4a3c800 JavaThread "Service Thread" daemon [_thread_blocked, id=96128, stack(0x000000aaa4300000,0x000000aaa4400000)]
  0x000001c5f4998800 JavaThread "C1 CompilerThread3" daemon [_thread_in_native, id=119152, stack(0x000000aaa4200000,0x000000aaa4300000)]
=>0x000001c5f4996800 JavaThread "C2 CompilerThread2" daemon [_thread_in_native, id=126312, stack(0x000000aaa4100000,0x000000aaa4200000)]
  0x000001c5f4993800 JavaThread "C2 CompilerThread1" daemon [_thread_in_native, id=138396, stack(0x000000aaa4000000,0x000000aaa4100000)]
  0x000001c5f498c000 JavaThread "C2 CompilerThread0" daemon [_thread_in_native, id=110188, stack(0x000000aaa3f00000,0x000000aaa4000000)]
  0x000001c5f498a000 JavaThread "Monitor Ctrl-Break" daemon [_thread_in_native, id=112560, stack(0x000000aaa3e00000,0x000000aaa3f00000)]
  0x000001c5f2574800 JavaThread "Attach Listener" daemon [_thread_blocked, id=137036, stack(0x000000aaa3d00000,0x000000aaa3e00000)]
  0x000001c5f255b800 JavaThread "Signal Dispatcher" daemon [_thread_blocked, id=139168, stack(0x000000aaa3c00000,0x000000aaa3d00000)]
  0x000001c5f2543000 JavaThread "Finalizer" daemon [_thread_blocked, id=126560, stack(0x000000aaa3b00000,0x000000aaa3c00000)]
  0x000001c5f253b000 JavaThread "Reference Handler" daemon [_thread_blocked, id=139232, stack(0x000000aaa3a00000,0x000000aaa3b00000)]
  0x000001c5d7cdf000 JavaThread "main" [_thread_in_native_trans, id=136196, stack(0x000000aaa2e00000,0x000000aaa2f00000)]

Other Threads:
  0x000001c5f2513000 VMThread [stack: 0x000000aaa3900000,0x000000aaa3a00000] [id=95380]
  0x000001c5f4a88800 WatcherThread [stack: 0x000000aaa4400000,0x000000aaa4500000] [id=77528]

VM state:not at safepoint (normal execution)

VM Mutex/Monitor currently owned by a thread: None

heap address: 0x00000006c9400000, size: 3948 MB, Compressed Oops mode: Zero based, Oop shift amount: 3
Narrow klass base: 0x0000000000000000, Narrow klass shift: 3
Compressed class space size: 1073741824 Address: 0x00000007c0000000

Heap:
 PSYoungGen      total 626688K, used 457608K [0x000000076dc00000, 0x00000007a7000000, 0x00000007c0000000)
  eden space 592384K, 75% used [0x000000076dc00000,0x000000078900c710,0x0000000791e80000)
  from space 34304K, 32% used [0x0000000791e80000,0x0000000792955cc8,0x0000000794000000)
  to   space 37376K, 0% used [0x00000007a4b80000,0x00000007a4b80000,0x00000007a7000000)
 ParOldGen       total 109568K, used 109170K [0x00000006c9400000, 0x00000006cff00000, 0x000000076dc00000)
  object space 109568K, 99% used [0x00000006c9400000,0x00000006cfe9c808,0x00000006cff00000)
 Metaspace       used 32611K, capacity 33528K, committed 33792K, reserved 1079296K
  class space    used 3563K, capacity 3794K, committed 3840K, reserved 1048576K

Card table byte_map: [0x000001c5e8a40000,0x000001c5e9200000] byte_map_base: 0x000001c5e53f6000

Marking Bits: (ParMarkBitMap*) 0x00007ff8c2346040
 Begin Bits: [0x000001c5e9730000, 0x000001c5ed4e0000)
 End Bits:   [0x000001c5ed4e0000, 0x000001c5f1290000)

Polling page: 0x000001c5d7e30000

CodeCache: size=245760Kb used=29125Kb max_used=31683Kb free=216634Kb
 bounds [0x000001c5d9680000, 0x000001c5db5a0000, 0x000001c5e8680000]
 total_blobs=7887 nmethods=7427 adapters=372
 compilation: enabled

Compilation events (10 events):
Event: 21.295 Thread 0x000001c5f4998800 nmethod 10120 0x000001c5daf19350 code [0x000001c5daf195a0, 0x000001c5daf1a1a0]
Event: 21.296 Thread 0x000001c5f4998800 10122       3       org.eclipse.aether.repository.RemoteRepository$Builder::setContentType (39 bytes)
Event: 21.297 Thread 0x000001c5f4998800 nmethod 10122 0x000001c5dab4b950 code [0x000001c5dab4bac0, 0x000001c5dab4bdd0]
Event: 21.297 Thread 0x000001c5f4998800 10123       3       org.eclipse.aether.internal.impl.DefaultRemoteRepositoryManager::logMirror (106 bytes)
Event: 21.297 Thread 0x000001c5f4998800 nmethod 10123 0x000001c5da9eb290 code [0x000001c5da9eb4e0, 0x000001c5da9ec7b0]
Event: 21.299 Thread 0x000001c5f4996800 nmethod 10110 0x000001c5daf0a850 code [0x000001c5daf0ab00, 0x000001c5daf0cb50]
Event: 21.299 Thread 0x000001c5f4996800 10116   !   4       sun.nio.cs.StreamDecoder::read (196 bytes)
Event: 21.314 Thread 0x000001c5f4998800 10124       3       org.apache.maven.model.interpolation.StringVisitorModelInterpolator$ModelVisitor::visit (89 bytes)
Event: 21.315 Thread 0x000001c5f4998800 nmethod 10124 0x000001c5daf40850 code [0x000001c5daf40a60, 0x000001c5daf41340]
Event: 21.315 Thread 0x000001c5f4998800 10129       3       org.apache.maven.model.interpolation.StringVisitorModelInterpolator$ModelVisitor::visit (157 bytes)

GC Heap History (10 events):
Event: 8.968 GC heap before
{Heap before GC invocations=11 (full 1):
 PSYoungGen      total 444416K, used 438381K [0x000000076dc00000, 0x0000000795e00000, 0x00000007c0000000)
  eden space 414720K, 100% used [0x000000076dc00000,0x0000000787100000,0x0000000787100000)
  from space 29696K, 79% used [0x0000000787100000,0x000000078881b540,0x0000000788e00000)
  to   space 30720K, 0% used [0x0000000794000000,0x0000000794000000,0x0000000795e00000)
 ParOldGen       total 109568K, used 43695K [0x00000006c9400000, 0x00000006cff00000, 0x000000076dc00000)
  object space 109568K, 39% used [0x00000006c9400000,0x00000006cbeabd18,0x00000006cff00000)
 Metaspace       used 26474K, capacity 27242K, committed 27520K, reserved 1073152K
  class space    used 2933K, capacity 3114K, committed 3200K, reserved 1048576K
Event: 8.993 GC heap after
Heap after GC invocations=11 (full 1):
 PSYoungGen      total 445440K, used 11264K [0x000000076dc00000, 0x0000000795e00000, 0x00000007c0000000)
  eden space 414720K, 0% used [0x000000076dc00000,0x000000076dc00000,0x0000000787100000)
  from space 30720K, 36% used [0x0000000794000000,0x0000000794b00010,0x0000000795e00000)
  to   space 29696K, 0% used [0x0000000787100000,0x0000000787100000,0x0000000788e00000)
 ParOldGen       total 109568K, used 61918K [0x00000006c9400000, 0x00000006cff00000, 0x000000076dc00000)
  object space 109568K, 56% used [0x00000006c9400000,0x00000006cd0778a0,0x00000006cff00000)
 Metaspace       used 26474K, capacity 27242K, committed 27520K, reserved 1073152K
  class space    used 2933K, capacity 3114K, committed 3200K, reserved 1048576K
}
Event: 9.192 GC heap before
{Heap before GC invocations=12 (full 1):
 PSYoungGen      total 445440K, used 425984K [0x000000076dc00000, 0x0000000795e00000, 0x00000007c0000000)
  eden space 414720K, 100% used [0x000000076dc00000,0x0000000787100000,0x0000000787100000)
  from space 30720K, 36% used [0x0000000794000000,0x0000000794b00010,0x0000000795e00000)
  to   space 29696K, 0% used [0x0000000787100000,0x0000000787100000,0x0000000788e00000)
 ParOldGen       total 109568K, used 61918K [0x00000006c9400000, 0x00000006cff00000, 0x000000076dc00000)
  object space 109568K, 56% used [0x00000006c9400000,0x00000006cd0778a0,0x00000006cff00000)
 Metaspace       used 26501K, capacity 27242K, committed 27520K, reserved 1073152K
  class space    used 2934K, capacity 3114K, committed 3200K, reserved 1048576K
Event: 9.206 GC heap after
Heap after GC invocations=12 (full 1):
 PSYoungGen      total 444416K, used 5312K [0x000000076dc00000, 0x0000000795e00000, 0x00000007c0000000)
  eden space 414720K, 0% used [0x000000076dc00000,0x000000076dc00000,0x0000000787100000)
  from space 29696K, 17% used [0x0000000787100000,0x0000000787630000,0x0000000788e00000)
  to   space 30720K, 0% used [0x0000000794000000,0x0000000794000000,0x0000000795e00000)
 ParOldGen       total 109568K, used 73054K [0x00000006c9400000, 0x00000006cff00000, 0x000000076dc00000)
  object space 109568K, 66% used [0x00000006c9400000,0x00000006cdb578b0,0x00000006cff00000)
 Metaspace       used 26501K, capacity 27242K, committed 27520K, reserved 1073152K
  class space    used 2934K, capacity 3114K, committed 3200K, reserved 1048576K
}
Event: 10.907 GC heap before
{Heap before GC invocations=13 (full 1):
 PSYoungGen      total 444416K, used 420032K [0x000000076dc00000, 0x0000000795e00000, 0x00000007c0000000)
  eden space 414720K, 100% used [0x000000076dc00000,0x0000000787100000,0x0000000787100000)
  from space 29696K, 17% used [0x0000000787100000,0x0000000787630000,0x0000000788e00000)
  to   space 30720K, 0% used [0x0000000794000000,0x0000000794000000,0x0000000795e00000)
 ParOldGen       total 109568K, used 73054K [0x00000006c9400000, 0x00000006cff00000, 0x000000076dc00000)
  object space 109568K, 66% used [0x00000006c9400000,0x00000006cdb578b0,0x00000006cff00000)
 Metaspace       used 26562K, capacity 27308K, committed 27520K, reserved 1073152K
  class space    used 2937K, capacity 3116K, committed 3200K, reserved 1048576K
Event: 10.934 GC heap after
Heap after GC invocations=13 (full 1):
 PSYoungGen      total 623104K, used 28492K [0x000000076dc00000, 0x0000000797700000, 0x00000007c0000000)
  eden space 592384K, 0% used [0x000000076dc00000,0x000000076dc00000,0x0000000791e80000)
  from space 30720K, 92% used [0x0000000794000000,0x0000000795bd3248,0x0000000795e00000)
  to   space 34304K, 0% used [0x0000000791e80000,0x0000000791e80000,0x0000000794000000)
 ParOldGen       total 109568K, used 78050K [0x00000006c9400000, 0x00000006cff00000, 0x000000076dc00000)
  object space 109568K, 71% used [0x00000006c9400000,0x00000006ce0388d0,0x00000006cff00000)
 Metaspace       used 26562K, capacity 27308K, committed 27520K, reserved 1073152K
  class space    used 2937K, capacity 3116K, committed 3200K, reserved 1048576K
}
Event: 14.963 GC heap before
{Heap before GC invocations=14 (full 1):
 PSYoungGen      total 623104K, used 620876K [0x000000076dc00000, 0x0000000797700000, 0x00000007c0000000)
  eden space 592384K, 100% used [0x000000076dc00000,0x0000000791e80000,0x0000000791e80000)
  from space 30720K, 92% used [0x0000000794000000,0x0000000795bd3248,0x0000000795e00000)
  to   space 34304K, 0% used [0x0000000791e80000,0x0000000791e80000,0x0000000794000000)
 ParOldGen       total 109568K, used 78050K [0x00000006c9400000, 0x00000006cff00000, 0x000000076dc00000)
  object space 109568K, 71% used [0x00000006c9400000,0x00000006ce0388d0,0x00000006cff00000)
 Metaspace       used 28423K, capacity 29164K, committed 29440K, reserved 1075200K
  class space    used 3087K, capacity 3244K, committed 3328K, reserved 1048576K
Event: 14.990 GC heap after
Heap after GC invocations=14 (full 1):
 PSYoungGen      total 626688K, used 29118K [0x000000076dc00000, 0x00000007a7000000, 0x00000007c0000000)
  eden space 592384K, 0% used [0x000000076dc00000,0x000000076dc00000,0x0000000791e80000)
  from space 34304K, 84% used [0x0000000791e80000,0x0000000793aef898,0x0000000794000000)
  to   space 37376K, 0% used [0x00000007a4b80000,0x00000007a4b80000,0x00000007a7000000)
 ParOldGen       total 109568K, used 104234K [0x00000006c9400000, 0x00000006cff00000, 0x000000076dc00000)
  object space 109568K, 95% used [0x00000006c9400000,0x00000006cf9ca948,0x00000006cff00000)
 Metaspace       used 28423K, capacity 29164K, committed 29440K, reserved 1075200K
  class space    used 3087K, capacity 3244K, committed 3328K, reserved 1048576K
}
Event: 14.990 GC heap before
{Heap before GC invocations=15 (full 2):
 PSYoungGen      total 626688K, used 29118K [0x000000076dc00000, 0x00000007a7000000, 0x00000007c0000000)
  eden space 592384K, 0% used [0x000000076dc00000,0x000000076dc00000,0x0000000791e80000)
  from space 34304K, 84% used [0x0000000791e80000,0x0000000793aef898,0x0000000794000000)
  to   space 37376K, 0% used [0x00000007a4b80000,0x00000007a4b80000,0x00000007a7000000)
 ParOldGen       total 109568K, used 104234K [0x00000006c9400000, 0x00000006cff00000, 0x000000076dc00000)
  object space 109568K, 95% used [0x00000006c9400000,0x00000006cf9ca948,0x00000006cff00000)
 Metaspace       used 28423K, capacity 29164K, committed 29440K, reserved 1075200K
  class space    used 3087K, capacity 3244K, committed 3328K, reserved 1048576K
Event: 15.350 GC heap after
Heap after GC invocations=15 (full 2):
 PSYoungGen      total 626688K, used 11095K [0x000000076dc00000, 0x00000007a7000000, 0x00000007c0000000)
  eden space 592384K, 0% used [0x000000076dc00000,0x000000076dc00000,0x0000000791e80000)
  from space 34304K, 32% used [0x0000000791e80000,0x0000000792955cc8,0x0000000794000000)
  to   space 37376K, 0% used [0x00000007a4b80000,0x00000007a4b80000,0x00000007a7000000)
 ParOldGen       total 109568K, used 109170K [0x00000006c9400000, 0x00000006cff00000, 0x000000076dc00000)
  object space 109568K, 99% used [0x00000006c9400000,0x00000006cfe9c808,0x00000006cff00000)
 Metaspace       used 28423K, capacity 29164K, committed 29440K, reserved 1075200K
  class space    used 3087K, capacity 3244K, committed 3328K, reserved 1048576K
}

Deoptimization events (10 events):
Event: 19.229 Thread 0x000001c5f7125800 Uncommon trap: reason=unstable_if action=reinterpret pc=0x000001c5dad85834 method=java.lang.Long.numberOfLeadingZeros(J)I @ 46
Event: 19.252 Thread 0x000001c5f7125800 Uncommon trap: reason=unstable_if action=reinterpret pc=0x000001c5da7f64a0 method=java.lang.Integer.getChars(II[C)V @ 20
Event: 19.343 Thread 0x000001c5d7cdf000 Uncommon trap: reason=array_check action=maybe_recompile pc=0x000001c5db598400 method=java.util.TimSort.binarySort([Ljava/lang/Object;IIILjava/util/Comparator;)V @ 215
Event: 19.343 Thread 0x000001c5d7cdf000 Uncommon trap: reason=array_check action=maybe_recompile pc=0x000001c5db598400 method=java.util.TimSort.binarySort([Ljava/lang/Object;IIILjava/util/Comparator;)V @ 215
Event: 19.581 Thread 0x000001c5d7cdf000 Uncommon trap: reason=unstable_if action=reinterpret pc=0x000001c5db572900 method=java.util.Properties.load0(Ljava/util/Properties$LineReader;)V @ 145
Event: 19.581 Thread 0x000001c5d7cdf000 Uncommon trap: reason=class_check action=maybe_recompile pc=0x000001c5d9ff21a0 method=java.util.Properties$LineReader.readLine()I @ 410
Event: 19.590 Thread 0x000001c5d7cdf000 Uncommon trap: reason=class_check action=maybe_recompile pc=0x000001c5da01c404 method=org.apache.maven.model.Plugin.clone()Lorg/apache/maven/model/Plugin; @ 94
Event: 20.070 Thread 0x000001c5d7cdf000 Uncommon trap: reason=unstable_if action=reinterpret pc=0x000001c5d99fed50 method=org.codehaus.plexus.util.SelectorUtils.matchAntPathPattern([[C[[CZ)Z @ 27
Event: 20.071 Thread 0x000001c5d7cdf000 Uncommon trap: reason=unstable_if action=reinterpret pc=0x000001c5d986b1dc method=org.codehaus.plexus.util.SelectorUtils.match([C[CZ)Z @ 111
Event: 21.166 Thread 0x000001c5d7cdf000 Uncommon trap: reason=unstable_if action=reinterpret pc=0x000001c5d9d525f0 method=java.io.BufferedOutputStream.write([BII)V @ 35

Classes redefined (0 events):
No events

Internal exceptions (10 events):
Event: 17.025 Thread 0x000001c5d7cdf000 Exception <a 'java/security/PrivilegedActionException'> (0x00000007785a80e0) thrown at [C:\jenkins\workspace\8-2-build-windows-x64-cygwin-sans-NAS\jdk8u391\514\hotspot\src\share\vm\prims\jvm.cpp, line 1513]
Event: 17.026 Thread 0x000001c5d7cdf000 Exception <a 'java/security/PrivilegedActionException'> (0x00000007785bb7b8) thrown at [C:\jenkins\workspace\8-2-build-windows-x64-cygwin-sans-NAS\jdk8u391\514\hotspot\src\share\vm\prims\jvm.cpp, line 1513]
Event: 17.026 Thread 0x000001c5d7cdf000 Exception <a 'java/security/PrivilegedActionException'> (0x00000007785bbbb0) thrown at [C:\jenkins\workspace\8-2-build-windows-x64-cygwin-sans-NAS\jdk8u391\514\hotspot\src\share\vm\prims\jvm.cpp, line 1513]
Event: 17.026 Thread 0x000001c5d7cdf000 Exception <a 'java/security/PrivilegedActionException'> (0x00000007785bd050) thrown at [C:\jenkins\workspace\8-2-build-windows-x64-cygwin-sans-NAS\jdk8u391\514\hotspot\src\share\vm\prims\jvm.cpp, line 1513]
Event: 17.026 Thread 0x000001c5d7cdf000 Exception <a 'java/security/PrivilegedActionException'> (0x00000007785bd448) thrown at [C:\jenkins\workspace\8-2-build-windows-x64-cygwin-sans-NAS\jdk8u391\514\hotspot\src\share\vm\prims\jvm.cpp, line 1513]
Event: 17.042 Thread 0x000001c5d7cdf000 Exception <a 'java/io/FileNotFoundException'> (0x00000007786a8ed8) thrown at [C:\jenkins\workspace\8-2-build-windows-x64-cygwin-sans-NAS\jdk8u391\514\hotspot\src\share\vm\prims\jni.cpp, line 710]
Event: 17.052 Thread 0x000001c5d7cdf000 Exception <a 'java/io/FileNotFoundException'> (0x00000007786d3800) thrown at [C:\jenkins\workspace\8-2-build-windows-x64-cygwin-sans-NAS\jdk8u391\514\hotspot\src\share\vm\prims\jni.cpp, line 710]
Event: 17.052 Thread 0x000001c5d7cdf000 Exception <a 'java/io/FileNotFoundException'> (0x00000007786d4a30) thrown at [C:\jenkins\workspace\8-2-build-windows-x64-cygwin-sans-NAS\jdk8u391\514\hotspot\src\share\vm\prims\jni.cpp, line 710]
Event: 18.533 Thread 0x000001c5d7cdf000 Implicit null exception at 0x000001c5d9a9d80c to 0x000001c5d9a9d84d
Event: 19.232 Thread 0x000001c5d7cdf000 Exception <a 'java/lang/NoSuchMethodError': org.apache.maven.execution.MavenExecutionRequest.getFailureBehavior()Ljava/lang/String;> (0x0000000780a1bd30) thrown at [C:\jenkins\workspace\8-2-build-windows-x64-cygwin-sans-NAS\jdk8u391\514\hotspot\src\share\

Events (10 events):
Event: 21.216 loading class org/apache/maven/artifact/handler/DefaultArtifactHandler
Event: 21.216 loading class org/apache/maven/artifact/handler/DefaultArtifactHandler done
Event: 21.216 loading class org/apache/maven/artifact/handler/DefaultArtifactHandler
Event: 21.216 loading class org/apache/maven/artifact/handler/DefaultArtifactHandler done
Event: 21.216 loading class org/apache/maven/artifact/handler/DefaultArtifactHandler
Event: 21.216 loading class org/apache/maven/artifact/handler/DefaultArtifactHandler done
Event: 21.216 loading class org/apache/maven/artifact/handler/DefaultArtifactHandler
Event: 21.216 loading class org/apache/maven/artifact/handler/DefaultArtifactHandler done
Event: 21.216 loading class org/apache/maven/artifact/handler/DefaultArtifactHandler
Event: 21.216 loading class org/apache/maven/artifact/handler/DefaultArtifactHandler done


Dynamic libraries:
0x00007ff60b7d0000 - 0x00007ff60b81a000 	C:\Program Files\Java\jdk-1.8\bin\java.exe
0x00007ff911150000 - 0x00007ff911347000 	C:\Windows\SYSTEM32\ntdll.dll
0x00007ff90fb30000 - 0x00007ff90fbed000 	C:\Windows\System32\KERNEL32.DLL
0x00007ff90eb30000 - 0x00007ff90ee26000 	C:\Windows\System32\KERNELBASE.dll
0x00007ff90fcd0000 - 0x00007ff90fd7e000 	C:\Windows\System32\ADVAPI32.dll
0x00007ff90fa90000 - 0x00007ff90fb2e000 	C:\Windows\System32\msvcrt.dll
0x00007ff9108e0000 - 0x00007ff91097c000 	C:\Windows\System32\sechost.dll
0x00007ff90ff10000 - 0x00007ff910036000 	C:\Windows\System32\RPCRT4.dll
0x00007ff910f70000 - 0x00007ff91110e000 	C:\Windows\System32\USER32.dll
0x00007ff90ea50000 - 0x00007ff90ea72000 	C:\Windows\System32\win32u.dll
0x00007ff910050000 - 0x00007ff91007c000 	C:\Windows\System32\GDI32.dll
0x00007ff90e930000 - 0x00007ff90ea4a000 	C:\Windows\System32\gdi32full.dll
0x00007ff90eeb0000 - 0x00007ff90ef4d000 	C:\Windows\System32\msvcp_win.dll
0x00007ff90e830000 - 0x00007ff90e930000 	C:\Windows\System32\ucrtbase.dll
0x00007ff8fdaa0000 - 0x00007ff8fdd3a000 	C:\Windows\WinSxS\amd64_microsoft.windows.common-controls_6595b64144ccf1df_6.0.19041.3570_none_60bb2a3971f3e41a\COMCTL32.dll
0x00007ff90fbf0000 - 0x00007ff90fc20000 	C:\Windows\System32\IMM32.DLL
0x00007ff8e8310000 - 0x00007ff8e832b000 	C:\Program Files\Java\jdk-1.8\jre\bin\vcruntime140.dll
0x00007ff906b20000 - 0x00007ff906b2c000 	C:\Program Files\Java\jdk-1.8\jre\bin\vcruntime140_1.dll
0x00007ff8d24f0000 - 0x00007ff8d257e000 	C:\Program Files\Java\jdk-1.8\jre\bin\msvcp140.dll
0x00007ff8c1b10000 - 0x00007ff8c23c0000 	C:\Program Files\Java\jdk-1.8\jre\bin\server\jvm.dll
0x00007ff910aa0000 - 0x00007ff910aa8000 	C:\Windows\System32\PSAPI.DLL
0x00007ff905bc0000 - 0x00007ff905bca000 	C:\Windows\SYSTEM32\VERSION.dll
0x00007ff904320000 - 0x00007ff904347000 	C:\Windows\SYSTEM32\WINMM.dll
0x00007ff8f7ca0000 - 0x00007ff8f7ca9000 	C:\Windows\SYSTEM32\WSOCK32.dll
0x00007ff90fd80000 - 0x00007ff90fdeb000 	C:\Windows\System32\WS2_32.dll
0x00007ff90c6d0000 - 0x00007ff90c6e2000 	C:\Windows\SYSTEM32\kernel.appcore.dll
0x00007ff900740000 - 0x00007ff900750000 	C:\Program Files\Java\jdk-1.8\jre\bin\verify.dll
0x00007ff8e7530000 - 0x00007ff8e755b000 	C:\Program Files\Java\jdk-1.8\jre\bin\java.dll
0x00007ff8fc520000 - 0x00007ff8fc554000 	C:\Program Files\Java\jdk-1.8\jre\bin\instrument.dll
0x00007ff8e6f30000 - 0x00007ff8e6f48000 	C:\Program Files\Java\jdk-1.8\jre\bin\zip.dll
0x00007ff90f1b0000 - 0x00007ff90f8f4000 	C:\Windows\System32\SHELL32.dll
0x00007ff90c8d0000 - 0x00007ff90d06b000 	C:\Windows\SYSTEM32\windows.storage.dll
0x00007ff910b30000 - 0x00007ff910e84000 	C:\Windows\System32\combase.dll
0x00007ff90e270000 - 0x00007ff90e29d000 	C:\Windows\SYSTEM32\Wldp.dll
0x00007ff90fc20000 - 0x00007ff90fccd000 	C:\Windows\System32\SHCORE.dll
0x00007ff90fe00000 - 0x00007ff90fe55000 	C:\Windows\System32\shlwapi.dll
0x00007ff90e760000 - 0x00007ff90e785000 	C:\Windows\SYSTEM32\profapi.dll
0x00007ff908de0000 - 0x00007ff908dfa000 	D:\software\IntelliJ IDEA 2022.1\bin\breakgen64.dll
0x00007ff8e6f10000 - 0x00007ff8e6f2c000 	C:\Program Files\Java\jdk-1.8\jre\bin\net.dll
0x00007ff90dfd0000 - 0x00007ff90e03a000 	C:\Windows\system32\mswsock.dll
0x00007ff90e1d0000 - 0x00007ff90e1e8000 	C:\Windows\SYSTEM32\CRYPTSP.dll
0x00007ff90d870000 - 0x00007ff90d8a4000 	C:\Windows\system32\rsaenh.dll
0x00007ff90ee30000 - 0x00007ff90ee57000 	C:\Windows\System32\bcrypt.dll
0x00007ff90e6e0000 - 0x00007ff90e70e000 	C:\Windows\SYSTEM32\USERENV.dll
0x00007ff90f0b0000 - 0x00007ff90f132000 	C:\Windows\System32\bcryptprimitives.dll
0x00007ff90e1c0000 - 0x00007ff90e1cc000 	C:\Windows\SYSTEM32\CRYPTBASE.dll
0x00007ff90dc70000 - 0x00007ff90dcab000 	C:\Windows\SYSTEM32\IPHLPAPI.DLL
0x00007ff90fdf0000 - 0x00007ff90fdf8000 	C:\Windows\System32\NSI.dll
0x00007ff907170000 - 0x00007ff907187000 	C:\Windows\SYSTEM32\dhcpcsvc6.DLL
0x00007ff907150000 - 0x00007ff90716d000 	C:\Windows\SYSTEM32\dhcpcsvc.DLL
0x00007ff90dcc0000 - 0x00007ff90dd8a000 	C:\Windows\SYSTEM32\DNSAPI.dll
0x00007ff8e6ef0000 - 0x00007ff8e6f03000 	C:\Program Files\Java\jdk-1.8\jre\bin\nio.dll
0x00007ff9011a0000 - 0x00007ff9011aa000 	C:\Users\chen\AppData\Local\Temp\jansi-1.17.1-673108103510974924.dll
0x00007ff8fb7c0000 - 0x00007ff8fb7ca000 	C:\Users\chen\AppData\Local\Temp\jansi-1.17.1-1677263352069144413.dll
0x00007ff908e80000 - 0x00007ff908e8d000 	C:\Program Files\Java\jdk-1.8\jre\bin\management.dll
0x00007ff8e4260000 - 0x00007ff8e4277000 	C:\Windows\system32\napinsp.dll
0x00007ff8e4240000 - 0x00007ff8e425b000 	C:\Windows\system32\pnrpnsp.dll
0x00007ff909680000 - 0x00007ff909695000 	C:\Windows\system32\wshbth.dll
0x00007ff90a470000 - 0x00007ff90a48d000 	C:\Windows\system32\NLAapi.dll
0x0000000000400000 - 0x0000000001a2e000 	C:\Windows\system32\networkdlllspx64.dll
0x00007ff910190000 - 0x00007ff91025d000 	C:\Windows\System32\oleaut32.dll
0x00007ff90d990000 - 0x00007ff90d9c3000 	C:\Windows\SYSTEM32\ntmarta.dll
0x00007ff8e41c0000 - 0x00007ff8e41d2000 	C:\Windows\System32\winrnr.dll
0x000000005c590000 - 0x000000005c5b6000 	C:\Program Files\Bonjour\mdnsNSP.dll
0x00007ff907140000 - 0x00007ff90714a000 	C:\Windows\System32\rasadhlp.dll
0x00007ff902280000 - 0x00007ff902302000 	C:\Windows\System32\fwpuclnt.dll

VM Arguments:
jvm_args: -Dmaven.multiModuleProjectDirectory=C:\Users\chen\Desktop\项目文件\piShop\pipayshop-backend -Dmaven.home=D:\software\IntelliJ IDEA 2022.1\plugins\maven\lib\maven3 -Dclassworlds.conf=D:\software\IntelliJ IDEA 2022.1\plugins\maven\lib\maven3\bin\m2.conf -Dmaven.ext.class.path=D:\software\IntelliJ IDEA 2022.1\plugins\maven\lib\maven-event-listener.jar -javaagent:D:\software\IntelliJ IDEA 2022.1\lib\idea_rt.jar=61393:D:\software\IntelliJ IDEA 2022.1\bin -Dfile.encoding=UTF-8 
java_command: org.codehaus.classworlds.Launcher -Didea.version=2022.1 package
java_class_path (initial): D:\software\IntelliJ IDEA 2022.1\plugins\maven\lib\maven3\boot\plexus-classworlds-2.6.0.jar;D:\software\IntelliJ IDEA 2022.1\plugins\maven\lib\maven3\boot\plexus-classworlds.license;D:\software\IntelliJ IDEA 2022.1\lib\idea_rt.jar
Launcher Type: SUN_STANDARD

Environment Variables:
JAVA_HOME=C:\Program Files\Java\jdk-1.8
CLASSPATH=.;D:\software\apache-tomcat-10.0.20\lib\servlet-api.jar\servlet-api.jar
PATH=C:\Program Files (x86)\Common Files\Oracle\Java\javapath;D:\software\bin\;C:\Windows\system32;C:\Windows;C:\Windows\System32\Wbem;C:\Windows\System32\WindowsPowerShell\v1.0\;C:\Windows\System32\OpenSSH\;C:\Program Files (x86)\NVIDIA Corporation\PhysX\Common;C:\Program Files\NVIDIA Corporation\NVIDIA NvDLISR;C:\Program Files\Microsoft SQL Server\Client SDK\ODBC\170\Tools\Binn\;C:\Program Files (x86)\Microsoft SQL Server\150\Tools\Binn\;C:\Program Files\Microsoft SQL Server\150\Tools\Binn\;C:\Program Files\Microsoft SQL Server\150\DTS\Binn\;C:\Program Files (x86)\Microsoft SQL Server\150\DTS\Binn\;C:\Program Files\Azure Data Studio\bin;C:\Program Files\NVIDIA Corporation\Nsight Compute 2022.1.1\;C:\Program Files\Java\jdk-1.8\bin;D:\software\apache-tomcat-10.0.20\bin;D:\maven\apache-maven-3.8.6\bin;C:\Windows\system32;C:\Windows;C:\Windows\System32\Wbem;D:\maven\apache-maven-3.8.6;D:\software\nodejs\;C:\Program Files\Git\cmd;C:\Program Files\TortoiseGit\bin;D:\software\微信web开发者工具\dll;C:\Program Files\Calibre2\;C:\Users\chen\AppData\Local\Microsoft\WindowsApps;C:\Program Files\Bandizip\;D:\Program Files\IntelliJ IDEA Community Edition 2021.3\bin;;C:\Program Files\Azure Data Studio\bin;D:\Program Files\Microsoft VS Code\bin;C:\Users\chen\AppData\Roaming\npm
USERNAME=chen
OS=Windows_NT
PROCESSOR_IDENTIFIER=AMD64 Family 23 Model 96 Stepping 1, AuthenticAMD



---------------  S Y S T E M  ---------------

OS: Windows 10 , 64 bit Build 19041 (10.0.19041.3570)

CPU:total 12 (initial active 12) (12 cores per cpu, 1 threads per core) family 23 model 96 stepping 1, cmov, cx8, fxsr, mmx, sse, sse2, sse3, ssse3, sse4.1, sse4.2, popcnt, avx, avx2, aes, clmul, mmxext, 3dnowpref, lzcnt, sse4a, tsc, tscinvbit, tscinv, bmi1

Memory: 4k page, physical 16170292k(808304k free), swap 49060956k(4192k free)

vm_info: Java HotSpot(TM) 64-Bit Server VM (25.391-b13) for windows-amd64 JRE (1.8.0_391-b13), built on Oct  4 2023 07:54:08 by "java_re" with MS VC++ 17.1 (VS2022)

time: Tue Nov 28 16:34:54 2023
timezone: AMD64 Family 23 Model 96 Stepping 1, AuthenticAMD
elapsed time: 21.323725 seconds (0d 0h 0m 21s)

